{"/home/lolo/bootcamp/collab/skylab-bootcamp-201907/staff/manuel-galvez/bro-holdem/bro-holdem-api/logic/action/call/index.spec.js":{"path":"/home/lolo/bootcamp/collab/skylab-bootcamp-201907/staff/manuel-galvez/bro-holdem/bro-holdem-api/logic/action/call/index.spec.js","statementMap":{"0":{"start":{"line":1,"column":0},"end":{"line":1,"column":26}},"1":{"start":{"line":2,"column":21},"end":{"line":2,"column":47}},"2":{"start":{"line":3,"column":19},"end":{"line":3,"column":34}},"3":{"start":{"line":4,"column":14},"end":{"line":4,"column":39}},"4":{"start":{"line":5,"column":57},"end":{"line":5,"column":83}},"5":{"start":{"line":7,"column":33},"end":{"line":7,"column":40}},"6":{"start":{"line":9,"column":0},"end":{"line":236,"column":2}},"7":{"start":{"line":11,"column":4},"end":{"line":13,"column":6}},"8":{"start":{"line":12,"column":8},"end":{"line":12,"column":90}},"9":{"start":{"line":22,"column":4},"end":{"line":163,"column":6}},"10":{"start":{"line":25,"column":8},"end":{"line":25,"column":46}},"11":{"start":{"line":26,"column":8},"end":{"line":26,"column":50}},"12":{"start":{"line":27,"column":8},"end":{"line":27,"column":46}},"13":{"start":{"line":30,"column":8},"end":{"line":30,"column":47}},"14":{"start":{"line":31,"column":8},"end":{"line":31,"column":51}},"15":{"start":{"line":32,"column":8},"end":{"line":32,"column":47}},"16":{"start":{"line":35,"column":8},"end":{"line":35,"column":47}},"17":{"start":{"line":36,"column":8},"end":{"line":36,"column":51}},"18":{"start":{"line":37,"column":8},"end":{"line":37,"column":47}},"19":{"start":{"line":40,"column":8},"end":{"line":40,"column":42}},"20":{"start":{"line":41,"column":8},"end":{"line":41,"column":68}},"21":{"start":{"line":42,"column":8},"end":{"line":42,"column":79}},"22":{"start":{"line":45,"column":8},"end":{"line":45,"column":22}},"23":{"start":{"line":46,"column":8},"end":{"line":46,"column":22}},"24":{"start":{"line":47,"column":8},"end":{"line":47,"column":56}},"25":{"start":{"line":50,"column":8},"end":{"line":162,"column":12}},"26":{"start":{"line":53,"column":12},"end":{"line":53,"column":35}},"27":{"start":{"line":54,"column":12},"end":{"line":54,"column":35}},"28":{"start":{"line":55,"column":28},"end":{"line":55,"column":67}},"29":{"start":{"line":56,"column":12},"end":{"line":56,"column":30}},"30":{"start":{"line":57,"column":28},"end":{"line":57,"column":97}},"31":{"start":{"line":58,"column":12},"end":{"line":58,"column":30}},"32":{"start":{"line":59,"column":30},"end":{"line":59,"column":99}},"33":{"start":{"line":60,"column":12},"end":{"line":60,"column":32}},"34":{"start":{"line":63,"column":28},"end":{"line":63,"column":154}},"35":{"start":{"line":64,"column":12},"end":{"line":64,"column":31}},"36":{"start":{"line":65,"column":12},"end":{"line":65,"column":32}},"37":{"start":{"line":68,"column":30},"end":{"line":74,"column":14}},"38":{"start":{"line":75,"column":12},"end":{"line":75,"column":34}},"39":{"start":{"line":76,"column":12},"end":{"line":76,"column":43}},"40":{"start":{"line":79,"column":31},"end":{"line":85,"column":14}},"41":{"start":{"line":86,"column":12},"end":{"line":86,"column":35}},"42":{"start":{"line":87,"column":12},"end":{"line":87,"column":44}},"43":{"start":{"line":90,"column":31},"end":{"line":96,"column":14}},"44":{"start":{"line":97,"column":12},"end":{"line":97,"column":37}},"45":{"start":{"line":98,"column":12},"end":{"line":98,"column":44}},"46":{"start":{"line":101,"column":28},"end":{"line":108,"column":14}},"47":{"start":{"line":110,"column":12},"end":{"line":110,"column":38}},"48":{"start":{"line":115,"column":12},"end":{"line":122,"column":13}},"49":{"start":{"line":116,"column":16},"end":{"line":119,"column":31}},"50":{"start":{"line":117,"column":20},"end":{"line":117,"column":80}},"51":{"start":{"line":118,"column":20},"end":{"line":118,"column":65}},"52":{"start":{"line":120,"column":16},"end":{"line":120,"column":50}},"53":{"start":{"line":121,"column":16},"end":{"line":121,"column":49}},"54":{"start":{"line":125,"column":12},"end":{"line":157,"column":14}},"55":{"start":{"line":128,"column":16},"end":{"line":135,"column":17}},"56":{"start":{"line":129,"column":20},"end":{"line":132,"column":35}},"57":{"start":{"line":130,"column":24},"end":{"line":130,"column":84}},"58":{"start":{"line":131,"column":24},"end":{"line":131,"column":69}},"59":{"start":{"line":133,"column":20},"end":{"line":133,"column":48}},"60":{"start":{"line":134,"column":20},"end":{"line":134,"column":53}},"61":{"start":{"line":138,"column":16},"end":{"line":138,"column":36}},"62":{"start":{"line":142,"column":16},"end":{"line":142,"column":106}},"63":{"start":{"line":142,"column":57},"end":{"line":142,"column":72}},"64":{"start":{"line":142,"column":73},"end":{"line":142,"column":104}},"65":{"start":{"line":143,"column":16},"end":{"line":143,"column":106}},"66":{"start":{"line":143,"column":57},"end":{"line":143,"column":72}},"67":{"start":{"line":143,"column":73},"end":{"line":143,"column":104}},"68":{"start":{"line":144,"column":16},"end":{"line":154,"column":17}},"69":{"start":{"line":145,"column":20},"end":{"line":145,"column":65}},"70":{"start":{"line":146,"column":20},"end":{"line":152,"column":21}},"71":{"start":{"line":147,"column":24},"end":{"line":147,"column":62}},"72":{"start":{"line":148,"column":24},"end":{"line":148,"column":47}},"73":{"start":{"line":149,"column":27},"end":{"line":152,"column":21}},"74":{"start":{"line":150,"column":24},"end":{"line":150,"column":54}},"75":{"start":{"line":151,"column":24},"end":{"line":151,"column":55}},"76":{"start":{"line":153,"column":20},"end":{"line":153,"column":35}},"77":{"start":{"line":155,"column":16},"end":{"line":155,"column":67}},"78":{"start":{"line":159,"column":12},"end":{"line":159,"column":39}},"79":{"start":{"line":161,"column":12},"end":{"line":161,"column":97}},"80":{"start":{"line":165,"column":4},"end":{"line":185,"column":6}},"81":{"start":{"line":166,"column":23},"end":{"line":166,"column":54}},"82":{"start":{"line":167,"column":8},"end":{"line":167,"column":35}},"83":{"start":{"line":169,"column":30},"end":{"line":169,"column":57}},"84":{"start":{"line":170,"column":27},"end":{"line":170,"column":94}},"85":{"start":{"line":170,"column":64},"end":{"line":170,"column":93}},"86":{"start":{"line":171,"column":28},"end":{"line":171,"column":100}},"87":{"start":{"line":171,"column":74},"end":{"line":171,"column":96}},"88":{"start":{"line":172,"column":27},"end":{"line":172,"column":96}},"89":{"start":{"line":172,"column":81},"end":{"line":172,"column":94}},"90":{"start":{"line":173,"column":27},"end":{"line":173,"column":73}},"91":{"start":{"line":174,"column":8},"end":{"line":174,"column":56}},"92":{"start":{"line":175,"column":8},"end":{"line":175,"column":64}},"93":{"start":{"line":176,"column":8},"end":{"line":176,"column":57}},"94":{"start":{"line":177,"column":8},"end":{"line":177,"column":89}},"95":{"start":{"line":178,"column":8},"end":{"line":178,"column":35}},"96":{"start":{"line":179,"column":8},"end":{"line":179,"column":51}},"97":{"start":{"line":180,"column":8},"end":{"line":180,"column":65}},"98":{"start":{"line":181,"column":8},"end":{"line":181,"column":66}},"99":{"start":{"line":182,"column":8},"end":{"line":182,"column":105}},"100":{"start":{"line":183,"column":8},"end":{"line":183,"column":67}},"101":{"start":{"line":187,"column":4},"end":{"line":197,"column":6}},"102":{"start":{"line":189,"column":8},"end":{"line":189,"column":31}},"103":{"start":{"line":191,"column":8},"end":{"line":196,"column":9}},"104":{"start":{"line":192,"column":12},"end":{"line":192,"column":43}},"105":{"start":{"line":194,"column":12},"end":{"line":194,"column":34}},"106":{"start":{"line":195,"column":12},"end":{"line":195,"column":66}},"107":{"start":{"line":200,"column":4},"end":{"line":204,"column":6}},"108":{"start":{"line":201,"column":8},"end":{"line":203,"column":54}},"109":{"start":{"line":202,"column":12},"end":{"line":202,"column":33}},"110":{"start":{"line":206,"column":4},"end":{"line":210,"column":6}},"111":{"start":{"line":207,"column":8},"end":{"line":209,"column":81}},"112":{"start":{"line":208,"column":12},"end":{"line":208,"column":40}},"113":{"start":{"line":212,"column":4},"end":{"line":216,"column":6}},"114":{"start":{"line":213,"column":8},"end":{"line":215,"column":76}},"115":{"start":{"line":214,"column":12},"end":{"line":214,"column":37}},"116":{"start":{"line":218,"column":4},"end":{"line":222,"column":6}},"117":{"start":{"line":219,"column":8},"end":{"line":221,"column":54}},"118":{"start":{"line":220,"column":12},"end":{"line":220,"column":34}},"119":{"start":{"line":224,"column":4},"end":{"line":228,"column":6}},"120":{"start":{"line":225,"column":8},"end":{"line":227,"column":81}},"121":{"start":{"line":226,"column":12},"end":{"line":226,"column":41}},"122":{"start":{"line":230,"column":4},"end":{"line":234,"column":6}},"123":{"start":{"line":231,"column":8},"end":{"line":233,"column":76}},"124":{"start":{"line":232,"column":12},"end":{"line":232,"column":38}},"125":{"start":{"line":235,"column":4},"end":{"line":235,"column":38}},"126":{"start":{"line":235,"column":16},"end":{"line":235,"column":37}}},"fnMap":{"0":{"name":"(anonymous_0)","decl":{"start":{"line":9,"column":34},"end":{"line":9,"column":35}},"loc":{"start":{"line":9,"column":40},"end":{"line":236,"column":1}},"line":9},"1":{"name":"(anonymous_1)","decl":{"start":{"line":11,"column":11},"end":{"line":11,"column":12}},"loc":{"start":{"line":11,"column":17},"end":{"line":13,"column":5}},"line":11},"2":{"name":"(anonymous_2)","decl":{"start":{"line":22,"column":15},"end":{"line":22,"column":16}},"loc":{"start":{"line":22,"column":21},"end":{"line":163,"column":5}},"line":22},"3":{"name":"(anonymous_3)","decl":{"start":{"line":50,"column":16},"end":{"line":50,"column":17}},"loc":{"start":{"line":50,"column":28},"end":{"line":162,"column":9}},"line":50},"4":{"name":"(anonymous_4)","decl":{"start":{"line":125,"column":36},"end":{"line":125,"column":37}},"loc":{"start":{"line":125,"column":46},"end":{"line":157,"column":13}},"line":125},"5":{"name":"(anonymous_5)","decl":{"start":{"line":165,"column":41},"end":{"line":165,"column":42}},"loc":{"start":{"line":165,"column":53},"end":{"line":185,"column":5}},"line":165},"6":{"name":"(anonymous_6)","decl":{"start":{"line":170,"column":54},"end":{"line":170,"column":55}},"loc":{"start":{"line":170,"column":64},"end":{"line":170,"column":93}},"line":170},"7":{"name":"(anonymous_7)","decl":{"start":{"line":171,"column":57},"end":{"line":171,"column":58}},"loc":{"start":{"line":171,"column":74},"end":{"line":171,"column":96}},"line":171},"8":{"name":"(anonymous_8)","decl":{"start":{"line":172,"column":74},"end":{"line":172,"column":75}},"loc":{"start":{"line":172,"column":81},"end":{"line":172,"column":94}},"line":172},"9":{"name":"(anonymous_9)","decl":{"start":{"line":187,"column":45},"end":{"line":187,"column":46}},"loc":{"start":{"line":187,"column":57},"end":{"line":197,"column":5}},"line":187},"10":{"name":"(anonymous_10)","decl":{"start":{"line":200,"column":39},"end":{"line":200,"column":40}},"loc":{"start":{"line":200,"column":45},"end":{"line":204,"column":5}},"line":200},"11":{"name":"(anonymous_11)","decl":{"start":{"line":201,"column":15},"end":{"line":201,"column":16}},"loc":{"start":{"line":202,"column":12},"end":{"line":202,"column":33}},"line":202},"12":{"name":"(anonymous_12)","decl":{"start":{"line":206,"column":43},"end":{"line":206,"column":44}},"loc":{"start":{"line":206,"column":49},"end":{"line":210,"column":5}},"line":206},"13":{"name":"(anonymous_13)","decl":{"start":{"line":207,"column":15},"end":{"line":207,"column":16}},"loc":{"start":{"line":208,"column":12},"end":{"line":208,"column":40}},"line":208},"14":{"name":"(anonymous_14)","decl":{"start":{"line":212,"column":57},"end":{"line":212,"column":58}},"loc":{"start":{"line":212,"column":63},"end":{"line":216,"column":5}},"line":212},"15":{"name":"(anonymous_15)","decl":{"start":{"line":213,"column":15},"end":{"line":213,"column":16}},"loc":{"start":{"line":214,"column":12},"end":{"line":214,"column":37}},"line":214},"16":{"name":"(anonymous_16)","decl":{"start":{"line":218,"column":39},"end":{"line":218,"column":40}},"loc":{"start":{"line":218,"column":45},"end":{"line":222,"column":5}},"line":218},"17":{"name":"(anonymous_17)","decl":{"start":{"line":219,"column":15},"end":{"line":219,"column":16}},"loc":{"start":{"line":220,"column":12},"end":{"line":220,"column":34}},"line":220},"18":{"name":"(anonymous_18)","decl":{"start":{"line":224,"column":43},"end":{"line":224,"column":44}},"loc":{"start":{"line":224,"column":49},"end":{"line":228,"column":5}},"line":224},"19":{"name":"(anonymous_19)","decl":{"start":{"line":225,"column":15},"end":{"line":225,"column":16}},"loc":{"start":{"line":226,"column":12},"end":{"line":226,"column":41}},"line":226},"20":{"name":"(anonymous_20)","decl":{"start":{"line":230,"column":57},"end":{"line":230,"column":58}},"loc":{"start":{"line":230,"column":63},"end":{"line":234,"column":5}},"line":230},"21":{"name":"(anonymous_21)","decl":{"start":{"line":231,"column":15},"end":{"line":231,"column":16}},"loc":{"start":{"line":232,"column":12},"end":{"line":232,"column":38}},"line":232},"22":{"name":"(anonymous_22)","decl":{"start":{"line":235,"column":10},"end":{"line":235,"column":11}},"loc":{"start":{"line":235,"column":16},"end":{"line":235,"column":37}},"line":235}},"branchMap":{"0":{"loc":{"start":{"line":142,"column":16},"end":{"line":142,"column":106}},"type":"if","locations":[{"start":{"line":142,"column":16},"end":{"line":142,"column":106}},{"start":{"line":142,"column":16},"end":{"line":142,"column":106}}],"line":142},"1":{"loc":{"start":{"line":143,"column":16},"end":{"line":143,"column":106}},"type":"if","locations":[{"start":{"line":143,"column":16},"end":{"line":143,"column":106}},{"start":{"line":143,"column":16},"end":{"line":143,"column":106}}],"line":143},"2":{"loc":{"start":{"line":144,"column":16},"end":{"line":154,"column":17}},"type":"if","locations":[{"start":{"line":144,"column":16},"end":{"line":154,"column":17}},{"start":{"line":144,"column":16},"end":{"line":154,"column":17}}],"line":144},"3":{"loc":{"start":{"line":146,"column":20},"end":{"line":152,"column":21}},"type":"if","locations":[{"start":{"line":146,"column":20},"end":{"line":152,"column":21}},{"start":{"line":146,"column":20},"end":{"line":152,"column":21}}],"line":146},"4":{"loc":{"start":{"line":149,"column":27},"end":{"line":152,"column":21}},"type":"if","locations":[{"start":{"line":149,"column":27},"end":{"line":152,"column":21}},{"start":{"line":149,"column":27},"end":{"line":152,"column":21}}],"line":149}},"s":{"0":1,"1":1,"2":1,"3":1,"4":1,"5":1,"6":1,"7":1,"8":1,"9":1,"10":8,"11":8,"12":8,"13":8,"14":8,"15":8,"16":8,"17":8,"18":8,"19":8,"20":8,"21":8,"22":8,"23":8,"24":8,"25":8,"26":8,"27":8,"28":8,"29":8,"30":8,"31":8,"32":8,"33":8,"34":8,"35":8,"36":8,"37":8,"38":8,"39":8,"40":8,"41":8,"42":8,"43":8,"44":8,"45":8,"46":8,"47":8,"48":8,"49":24,"50":24,"51":24,"52":24,"53":24,"54":8,"55":24,"56":48,"57":52,"58":52,"59":48,"60":48,"61":24,"62":24,"63":8,"64":8,"65":24,"66":8,"67":8,"68":24,"69":16,"70":16,"71":0,"72":0,"73":16,"74":16,"75":16,"76":16,"77":24,"78":8,"79":8,"80":1,"81":1,"82":1,"83":1,"84":1,"85":2,"86":1,"87":3,"88":1,"89":3,"90":1,"91":1,"92":1,"93":1,"94":1,"95":1,"96":1,"97":1,"98":1,"99":1,"100":1,"101":1,"102":1,"103":1,"104":1,"105":1,"106":1,"107":1,"108":1,"109":1,"110":1,"111":1,"112":1,"113":1,"114":1,"115":1,"116":1,"117":1,"118":1,"119":1,"120":1,"121":1,"122":1,"123":1,"124":1,"125":1,"126":1},"f":{"0":1,"1":1,"2":8,"3":8,"4":24,"5":1,"6":2,"7":3,"8":3,"9":1,"10":1,"11":1,"12":1,"13":1,"14":1,"15":1,"16":1,"17":1,"18":1,"19":1,"20":1,"21":1,"22":1},"b":{"0":[8,16],"1":[8,16],"2":[16,8],"3":[0,16],"4":[16,0]},"_coverageSchema":"43e27e138ebf9cfc5966b082cf9a028302ed4184","hash":"9f0aab9b16fe5acbb3685387648afce2a0423ee5","contentHash":"a87961abd9f04c04c36af9b63ee584006bd496d4dd9765153b6be290caa7cf9e"},"/home/lolo/bootcamp/collab/skylab-bootcamp-201907/staff/manuel-galvez/bro-holdem/bro-holdem-api/logic/index.js":{"path":"/home/lolo/bootcamp/collab/skylab-bootcamp-201907/staff/manuel-galvez/bro-holdem/bro-holdem-api/logic/index.js","statementMap":{"0":{"start":{"line":1,"column":0},"end":{"line":18,"column":1}}},"fnMap":{},"branchMap":{},"s":{"0":1},"f":{},"b":{},"_coverageSchema":"43e27e138ebf9cfc5966b082cf9a028302ed4184","hash":"5e81a614ddc3df1e283703e16e0a3b5fad6b9291","contentHash":"c191b687da75d61f2a7821abddf820cb2310a43bdf353e103673d36b54273ebf"},"/home/lolo/bootcamp/collab/skylab-bootcamp-201907/staff/manuel-galvez/bro-holdem/bro-holdem-api/logic/user/register-user/index.js":{"path":"/home/lolo/bootcamp/collab/skylab-bootcamp-201907/staff/manuel-galvez/bro-holdem/bro-holdem-api/logic/user/register-user/index.js","statementMap":{"0":{"start":{"line":1,"column":21},"end":{"line":1,"column":48}},"1":{"start":{"line":2,"column":29},"end":{"line":2,"column":55}},"2":{"start":{"line":3,"column":15},"end":{"line":3,"column":34}},"3":{"start":{"line":14,"column":0},"end":{"line":37,"column":1}},"4":{"start":{"line":16,"column":4},"end":{"line":16,"column":41}},"5":{"start":{"line":17,"column":4},"end":{"line":17,"column":35}},"6":{"start":{"line":18,"column":4},"end":{"line":18,"column":34}},"7":{"start":{"line":19,"column":4},"end":{"line":19,"column":41}},"8":{"start":{"line":21,"column":4},"end":{"line":36,"column":8}},"9":{"start":{"line":22,"column":21},"end":{"line":22,"column":50}},"10":{"start":{"line":23,"column":8},"end":{"line":23,"column":74}},"11":{"start":{"line":23,"column":18},"end":{"line":23,"column":74}},"12":{"start":{"line":25,"column":22},"end":{"line":25,"column":54}},"13":{"start":{"line":26,"column":8},"end":{"line":26,"column":60}},"14":{"start":{"line":26,"column":19},"end":{"line":26,"column":60}},"15":{"start":{"line":28,"column":21},"end":{"line":28,"column":52}},"16":{"start":{"line":30,"column":24},"end":{"line":30,"column":69}},"17":{"start":{"line":32,"column":8},"end":{"line":32,"column":28}},"18":{"start":{"line":34,"column":8},"end":{"line":34,"column":25}}},"fnMap":{"0":{"name":"(anonymous_0)","decl":{"start":{"line":14,"column":17},"end":{"line":14,"column":18}},"loc":{"start":{"line":14,"column":54},"end":{"line":37,"column":1}},"line":14},"1":{"name":"(anonymous_1)","decl":{"start":{"line":21,"column":12},"end":{"line":21,"column":13}},"loc":{"start":{"line":21,"column":24},"end":{"line":36,"column":5}},"line":21}},"branchMap":{"0":{"loc":{"start":{"line":23,"column":8},"end":{"line":23,"column":74}},"type":"if","locations":[{"start":{"line":23,"column":8},"end":{"line":23,"column":74}},{"start":{"line":23,"column":8},"end":{"line":23,"column":74}}],"line":23},"1":{"loc":{"start":{"line":26,"column":8},"end":{"line":26,"column":60}},"type":"if","locations":[{"start":{"line":26,"column":8},"end":{"line":26,"column":60}},{"start":{"line":26,"column":8},"end":{"line":26,"column":60}}],"line":26}},"s":{"0":1,"1":1,"2":1,"3":1,"4":13,"5":10,"6":7,"7":6,"8":3,"9":3,"10":3,"11":1,"12":2,"13":2,"14":1,"15":1,"16":1,"17":1,"18":1},"f":{"0":13,"1":3},"b":{"0":[1,2],"1":[1,1]},"_coverageSchema":"43e27e138ebf9cfc5966b082cf9a028302ed4184","hash":"fac340d393a8a385f7a17113f7fc1f28ff975311","contentHash":"57dd16eb94ace94e63cfd99522666cded9348677d33f9ae9377e643dc59a5792"},"/home/lolo/bootcamp/collab/skylab-bootcamp-201907/staff/manuel-galvez/bro-holdem/bro-holdem-api/logic/user/authenticate-user/index.js":{"path":"/home/lolo/bootcamp/collab/skylab-bootcamp-201907/staff/manuel-galvez/bro-holdem/bro-holdem-api/logic/user/authenticate-user/index.js","statementMap":{"0":{"start":{"line":1,"column":21},"end":{"line":1,"column":48}},"1":{"start":{"line":2,"column":29},"end":{"line":2,"column":55}},"2":{"start":{"line":3,"column":15},"end":{"line":3,"column":34}},"3":{"start":{"line":13,"column":0},"end":{"line":28,"column":1}},"4":{"start":{"line":15,"column":4},"end":{"line":15,"column":35}},"5":{"start":{"line":16,"column":4},"end":{"line":16,"column":34}},"6":{"start":{"line":17,"column":4},"end":{"line":17,"column":41}},"7":{"start":{"line":19,"column":4},"end":{"line":27,"column":8}},"8":{"start":{"line":20,"column":21},"end":{"line":20,"column":50}},"9":{"start":{"line":21,"column":8},"end":{"line":21,"column":51}},"10":{"start":{"line":21,"column":19},"end":{"line":21,"column":51}},"11":{"start":{"line":23,"column":22},"end":{"line":23,"column":67}},"12":{"start":{"line":24,"column":8},"end":{"line":24,"column":56}},"13":{"start":{"line":24,"column":20},"end":{"line":24,"column":56}},"14":{"start":{"line":26,"column":8},"end":{"line":26,"column":22}}},"fnMap":{"0":{"name":"(anonymous_0)","decl":{"start":{"line":13,"column":17},"end":{"line":13,"column":18}},"loc":{"start":{"line":13,"column":44},"end":{"line":28,"column":1}},"line":13},"1":{"name":"(anonymous_1)","decl":{"start":{"line":19,"column":12},"end":{"line":19,"column":13}},"loc":{"start":{"line":19,"column":24},"end":{"line":27,"column":5}},"line":19}},"branchMap":{"0":{"loc":{"start":{"line":21,"column":8},"end":{"line":21,"column":51}},"type":"if","locations":[{"start":{"line":21,"column":8},"end":{"line":21,"column":51}},{"start":{"line":21,"column":8},"end":{"line":21,"column":51}}],"line":21},"1":{"loc":{"start":{"line":24,"column":8},"end":{"line":24,"column":56}},"type":"if","locations":[{"start":{"line":24,"column":8},"end":{"line":24,"column":56}},{"start":{"line":24,"column":8},"end":{"line":24,"column":56}}],"line":24}},"s":{"0":1,"1":1,"2":1,"3":1,"4":7,"5":5,"6":4,"7":2,"8":2,"9":2,"10":0,"11":2,"12":2,"13":1,"14":1},"f":{"0":7,"1":2},"b":{"0":[0,2],"1":[1,1]},"_coverageSchema":"43e27e138ebf9cfc5966b082cf9a028302ed4184","hash":"be26638ab6d217f583245f149b077c532b6e9552","contentHash":"edc254693da06cd8b4adb1e03d2a76262f7584a3c68ae01b976ec5ac96b2069a"},"/home/lolo/bootcamp/collab/skylab-bootcamp-201907/staff/manuel-galvez/bro-holdem/bro-holdem-api/logic/user/retrieve-user/index.js":{"path":"/home/lolo/bootcamp/collab/skylab-bootcamp-201907/staff/manuel-galvez/bro-holdem/bro-holdem-api/logic/user/retrieve-user/index.js","statementMap":{"0":{"start":{"line":1,"column":21},"end":{"line":1,"column":48}},"1":{"start":{"line":2,"column":29},"end":{"line":2,"column":55}},"2":{"start":{"line":12,"column":0},"end":{"line":22,"column":1}},"3":{"start":{"line":14,"column":4},"end":{"line":14,"column":29}},"4":{"start":{"line":16,"column":4},"end":{"line":21,"column":8}},"5":{"start":{"line":17,"column":21},"end":{"line":17,"column":92}},"6":{"start":{"line":18,"column":8},"end":{"line":18,"column":68}},"7":{"start":{"line":18,"column":19},"end":{"line":18,"column":68}},"8":{"start":{"line":19,"column":8},"end":{"line":19,"column":20}},"9":{"start":{"line":20,"column":8},"end":{"line":20,"column":19}}},"fnMap":{"0":{"name":"(anonymous_0)","decl":{"start":{"line":12,"column":17},"end":{"line":12,"column":18}},"loc":{"start":{"line":12,"column":31},"end":{"line":22,"column":1}},"line":12},"1":{"name":"(anonymous_1)","decl":{"start":{"line":16,"column":12},"end":{"line":16,"column":13}},"loc":{"start":{"line":16,"column":24},"end":{"line":21,"column":5}},"line":16}},"branchMap":{"0":{"loc":{"start":{"line":18,"column":8},"end":{"line":18,"column":68}},"type":"if","locations":[{"start":{"line":18,"column":8},"end":{"line":18,"column":68}},{"start":{"line":18,"column":8},"end":{"line":18,"column":68}}],"line":18}},"s":{"0":1,"1":1,"2":1,"3":5,"4":2,"5":2,"6":2,"7":1,"8":1,"9":1},"f":{"0":5,"1":2},"b":{"0":[1,1]},"_coverageSchema":"43e27e138ebf9cfc5966b082cf9a028302ed4184","hash":"59e2d18e3163d9bd441d7bf410010e4298ac2123","contentHash":"b0b83fdad68800ce2c58787bca1aa747a610c4f712da72ba1d58333fb1c9bac5"},"/home/lolo/bootcamp/collab/skylab-bootcamp-201907/staff/manuel-galvez/bro-holdem/bro-holdem-api/logic/user/unregister-user/index.js":{"path":"/home/lolo/bootcamp/collab/skylab-bootcamp-201907/staff/manuel-galvez/bro-holdem/bro-holdem-api/logic/user/unregister-user/index.js","statementMap":{"0":{"start":{"line":1,"column":21},"end":{"line":1,"column":48}},"1":{"start":{"line":2,"column":29},"end":{"line":2,"column":55}},"2":{"start":{"line":3,"column":15},"end":{"line":3,"column":34}},"3":{"start":{"line":14,"column":0},"end":{"line":35,"column":1}},"4":{"start":{"line":16,"column":4},"end":{"line":16,"column":29}},"5":{"start":{"line":17,"column":4},"end":{"line":17,"column":35}},"6":{"start":{"line":18,"column":4},"end":{"line":18,"column":34}},"7":{"start":{"line":19,"column":4},"end":{"line":19,"column":41}},"8":{"start":{"line":21,"column":4},"end":{"line":33,"column":8}},"9":{"start":{"line":23,"column":21},"end":{"line":23,"column":50}},"10":{"start":{"line":24,"column":8},"end":{"line":24,"column":52}},"11":{"start":{"line":24,"column":19},"end":{"line":24,"column":52}},"12":{"start":{"line":26,"column":22},"end":{"line":26,"column":67}},"13":{"start":{"line":27,"column":8},"end":{"line":27,"column":52}},"14":{"start":{"line":27,"column":20},"end":{"line":27,"column":52}},"15":{"start":{"line":29,"column":28},"end":{"line":29,"column":59}},"16":{"start":{"line":30,"column":8},"end":{"line":30,"column":100}},"17":{"start":{"line":30,"column":44},"end":{"line":30,"column":100}}},"fnMap":{"0":{"name":"(anonymous_0)","decl":{"start":{"line":14,"column":17},"end":{"line":14,"column":18}},"loc":{"start":{"line":14,"column":48},"end":{"line":35,"column":1}},"line":14},"1":{"name":"(anonymous_1)","decl":{"start":{"line":21,"column":12},"end":{"line":21,"column":13}},"loc":{"start":{"line":21,"column":24},"end":{"line":33,"column":5}},"line":21}},"branchMap":{"0":{"loc":{"start":{"line":24,"column":8},"end":{"line":24,"column":52}},"type":"if","locations":[{"start":{"line":24,"column":8},"end":{"line":24,"column":52}},{"start":{"line":24,"column":8},"end":{"line":24,"column":52}}],"line":24},"1":{"loc":{"start":{"line":27,"column":8},"end":{"line":27,"column":52}},"type":"if","locations":[{"start":{"line":27,"column":8},"end":{"line":27,"column":52}},{"start":{"line":27,"column":8},"end":{"line":27,"column":52}}],"line":27},"2":{"loc":{"start":{"line":30,"column":8},"end":{"line":30,"column":100}},"type":"if","locations":[{"start":{"line":30,"column":8},"end":{"line":30,"column":100}},{"start":{"line":30,"column":8},"end":{"line":30,"column":100}}],"line":30}},"s":{"0":1,"1":1,"2":1,"3":1,"4":12,"5":9,"6":4,"7":4,"8":3,"9":3,"10":3,"11":1,"12":2,"13":2,"14":1,"15":1,"16":1,"17":0},"f":{"0":12,"1":3},"b":{"0":[1,2],"1":[1,1],"2":[0,1]},"_coverageSchema":"43e27e138ebf9cfc5966b082cf9a028302ed4184","hash":"055950c8602dee0057fc713bedb3700927e7dccb","contentHash":"91adaee005ef64c97a0828ef9689e282737775420df8c13203478afbee103e2e"},"/home/lolo/bootcamp/collab/skylab-bootcamp-201907/staff/manuel-galvez/bro-holdem/bro-holdem-api/logic/user/update-user/index.js":{"path":"/home/lolo/bootcamp/collab/skylab-bootcamp-201907/staff/manuel-galvez/bro-holdem/bro-holdem-api/logic/user/update-user/index.js","statementMap":{"0":{"start":{"line":1,"column":21},"end":{"line":1,"column":48}},"1":{"start":{"line":2,"column":29},"end":{"line":2,"column":55}},"2":{"start":{"line":12,"column":0},"end":{"line":21,"column":1}},"3":{"start":{"line":13,"column":4},"end":{"line":13,"column":29}},"4":{"start":{"line":15,"column":4},"end":{"line":20,"column":8}},"5":{"start":{"line":17,"column":21},"end":{"line":17,"column":80}},"6":{"start":{"line":18,"column":8},"end":{"line":18,"column":68}},"7":{"start":{"line":18,"column":19},"end":{"line":18,"column":68}}},"fnMap":{"0":{"name":"(anonymous_0)","decl":{"start":{"line":12,"column":17},"end":{"line":12,"column":18}},"loc":{"start":{"line":12,"column":47},"end":{"line":21,"column":1}},"line":12},"1":{"name":"(anonymous_1)","decl":{"start":{"line":15,"column":12},"end":{"line":15,"column":13}},"loc":{"start":{"line":15,"column":24},"end":{"line":20,"column":5}},"line":15}},"branchMap":{"0":{"loc":{"start":{"line":18,"column":8},"end":{"line":18,"column":68}},"type":"if","locations":[{"start":{"line":18,"column":8},"end":{"line":18,"column":68}},{"start":{"line":18,"column":8},"end":{"line":18,"column":68}}],"line":18}},"s":{"0":1,"1":1,"2":1,"3":5,"4":2,"5":2,"6":2,"7":0},"f":{"0":5,"1":2},"b":{"0":[0,2]},"_coverageSchema":"43e27e138ebf9cfc5966b082cf9a028302ed4184","hash":"9172bc32fc3d07806cd4a5255115d93993ce7ec9","contentHash":"824ed641368e511d7d7172868c11c911daeb5f13311d933392749ac35941e72f"},"/home/lolo/bootcamp/collab/skylab-bootcamp-201907/staff/manuel-galvez/bro-holdem/bro-holdem-api/logic/game/host-game/index.js":{"path":"/home/lolo/bootcamp/collab/skylab-bootcamp-201907/staff/manuel-galvez/bro-holdem/bro-holdem-api/logic/game/host-game/index.js","statementMap":{"0":{"start":{"line":1,"column":21},"end":{"line":1,"column":48}},"1":{"start":{"line":2,"column":37},"end":{"line":2,"column":63}},"2":{"start":{"line":17,"column":0},"end":{"line":52,"column":1}},"3":{"start":{"line":19,"column":4},"end":{"line":19,"column":33}},"4":{"start":{"line":20,"column":4},"end":{"line":20,"column":45}},"5":{"start":{"line":21,"column":4},"end":{"line":21,"column":49}},"6":{"start":{"line":22,"column":4},"end":{"line":22,"column":43}},"7":{"start":{"line":23,"column":4},"end":{"line":23,"column":43}},"8":{"start":{"line":24,"column":4},"end":{"line":24,"column":53}},"9":{"start":{"line":25,"column":4},"end":{"line":25,"column":40}},"10":{"start":{"line":27,"column":4},"end":{"line":51,"column":8}},"11":{"start":{"line":28,"column":21},"end":{"line":28,"column":49}},"12":{"start":{"line":29,"column":8},"end":{"line":29,"column":53}},"13":{"start":{"line":29,"column":18},"end":{"line":29,"column":53}},"14":{"start":{"line":32,"column":24},"end":{"line":32,"column":150}},"15":{"start":{"line":33,"column":23},"end":{"line":33,"column":33}},"16":{"start":{"line":34,"column":8},"end":{"line":34,"column":29}},"17":{"start":{"line":37,"column":26},"end":{"line":43,"column":10}},"18":{"start":{"line":44,"column":8},"end":{"line":44,"column":31}},"19":{"start":{"line":47,"column":8},"end":{"line":47,"column":39}},"20":{"start":{"line":49,"column":8},"end":{"line":49,"column":28}},"21":{"start":{"line":50,"column":8},"end":{"line":50,"column":21}}},"fnMap":{"0":{"name":"(anonymous_0)","decl":{"start":{"line":17,"column":17},"end":{"line":17,"column":18}},"loc":{"start":{"line":17,"column":105},"end":{"line":52,"column":1}},"line":17},"1":{"name":"(anonymous_1)","decl":{"start":{"line":27,"column":12},"end":{"line":27,"column":13}},"loc":{"start":{"line":27,"column":24},"end":{"line":51,"column":5}},"line":27}},"branchMap":{"0":{"loc":{"start":{"line":29,"column":8},"end":{"line":29,"column":53}},"type":"if","locations":[{"start":{"line":29,"column":8},"end":{"line":29,"column":53}},{"start":{"line":29,"column":8},"end":{"line":29,"column":53}}],"line":29}},"s":{"0":1,"1":1,"2":1,"3":22,"4":19,"5":16,"6":13,"7":10,"8":7,"9":4,"10":2,"11":2,"12":2,"13":1,"14":1,"15":1,"16":1,"17":1,"18":1,"19":1,"20":1,"21":1},"f":{"0":22,"1":2},"b":{"0":[1,1]},"_coverageSchema":"43e27e138ebf9cfc5966b082cf9a028302ed4184","hash":"a16e248f9ad678d3f40d426c448099443dd494c4","contentHash":"96f1249c4fce54fee9ab542263f62029c909e91c04c147f2bf76ac5695f75bac"},"/home/lolo/bootcamp/collab/skylab-bootcamp-201907/staff/manuel-galvez/bro-holdem/bro-holdem-api/logic/game/join-game/index.js":{"path":"/home/lolo/bootcamp/collab/skylab-bootcamp-201907/staff/manuel-galvez/bro-holdem/bro-holdem-api/logic/game/join-game/index.js","statementMap":{"0":{"start":{"line":1,"column":21},"end":{"line":1,"column":48}},"1":{"start":{"line":2,"column":43},"end":{"line":2,"column":69}},"2":{"start":{"line":11,"column":0},"end":{"line":49,"column":1}},"3":{"start":{"line":13,"column":4},"end":{"line":13,"column":40}},"4":{"start":{"line":14,"column":4},"end":{"line":14,"column":40}},"5":{"start":{"line":16,"column":4},"end":{"line":48,"column":8}},"6":{"start":{"line":19,"column":21},"end":{"line":19,"column":48}},"7":{"start":{"line":20,"column":8},"end":{"line":20,"column":72}},"8":{"start":{"line":20,"column":19},"end":{"line":20,"column":72}},"9":{"start":{"line":23,"column":21},"end":{"line":23,"column":48}},"10":{"start":{"line":24,"column":8},"end":{"line":24,"column":72}},"11":{"start":{"line":24,"column":19},"end":{"line":24,"column":72}},"12":{"start":{"line":27,"column":8},"end":{"line":27,"column":86}},"13":{"start":{"line":27,"column":53},"end":{"line":27,"column":86}},"14":{"start":{"line":30,"column":8},"end":{"line":30,"column":77}},"15":{"start":{"line":30,"column":39},"end":{"line":30,"column":77}},"16":{"start":{"line":31,"column":8},"end":{"line":31,"column":76}},"17":{"start":{"line":31,"column":37},"end":{"line":31,"column":76}},"18":{"start":{"line":34,"column":26},"end":{"line":40,"column":10}},"19":{"start":{"line":41,"column":8},"end":{"line":41,"column":31}},"20":{"start":{"line":44,"column":8},"end":{"line":44,"column":36}},"21":{"start":{"line":46,"column":8},"end":{"line":46,"column":25}},"22":{"start":{"line":47,"column":8},"end":{"line":47,"column":63}}},"fnMap":{"0":{"name":"(anonymous_0)","decl":{"start":{"line":11,"column":17},"end":{"line":11,"column":18}},"loc":{"start":{"line":11,"column":43},"end":{"line":49,"column":1}},"line":11},"1":{"name":"(anonymous_1)","decl":{"start":{"line":16,"column":12},"end":{"line":16,"column":13}},"loc":{"start":{"line":16,"column":24},"end":{"line":48,"column":5}},"line":16}},"branchMap":{"0":{"loc":{"start":{"line":20,"column":8},"end":{"line":20,"column":72}},"type":"if","locations":[{"start":{"line":20,"column":8},"end":{"line":20,"column":72}},{"start":{"line":20,"column":8},"end":{"line":20,"column":72}}],"line":20},"1":{"loc":{"start":{"line":24,"column":8},"end":{"line":24,"column":72}},"type":"if","locations":[{"start":{"line":24,"column":8},"end":{"line":24,"column":72}},{"start":{"line":24,"column":8},"end":{"line":24,"column":72}}],"line":24},"2":{"loc":{"start":{"line":27,"column":8},"end":{"line":27,"column":86}},"type":"if","locations":[{"start":{"line":27,"column":8},"end":{"line":27,"column":86}},{"start":{"line":27,"column":8},"end":{"line":27,"column":86}}],"line":27},"3":{"loc":{"start":{"line":30,"column":8},"end":{"line":30,"column":77}},"type":"if","locations":[{"start":{"line":30,"column":8},"end":{"line":30,"column":77}},{"start":{"line":30,"column":8},"end":{"line":30,"column":77}}],"line":30},"4":{"loc":{"start":{"line":31,"column":8},"end":{"line":31,"column":76}},"type":"if","locations":[{"start":{"line":31,"column":8},"end":{"line":31,"column":76}},{"start":{"line":31,"column":8},"end":{"line":31,"column":76}}],"line":31}},"s":{"0":1,"1":1,"2":1,"3":8,"4":6,"5":4,"6":4,"7":4,"8":1,"9":3,"10":3,"11":1,"12":2,"13":1,"14":1,"15":0,"16":1,"17":0,"18":1,"19":1,"20":1,"21":1,"22":1},"f":{"0":8,"1":4},"b":{"0":[1,3],"1":[1,2],"2":[1,1],"3":[0,1],"4":[0,1]},"_coverageSchema":"43e27e138ebf9cfc5966b082cf9a028302ed4184","hash":"0159491fbbcad49d7fdb5166d1535e769449a07f","contentHash":"898d9353ada503ec2fb238302bcb48049e1a3460ac91e672c30654c8fb3fb6a7"},"/home/lolo/bootcamp/collab/skylab-bootcamp-201907/staff/manuel-galvez/bro-holdem/bro-holdem-api/logic/game/deal-hand/index.js":{"path":"/home/lolo/bootcamp/collab/skylab-bootcamp-201907/staff/manuel-galvez/bro-holdem/bro-holdem-api/logic/game/deal-hand/index.js","statementMap":{"0":{"start":{"line":1,"column":21},"end":{"line":1,"column":48}},"1":{"start":{"line":2,"column":35},"end":{"line":2,"column":61}},"2":{"start":{"line":3,"column":20},"end":{"line":3,"column":54}},"3":{"start":{"line":12,"column":0},"end":{"line":101,"column":1}},"4":{"start":{"line":14,"column":4},"end":{"line":14,"column":40}},"5":{"start":{"line":16,"column":4},"end":{"line":100,"column":8}},"6":{"start":{"line":18,"column":21},"end":{"line":18,"column":48}},"7":{"start":{"line":19,"column":8},"end":{"line":19,"column":54}},"8":{"start":{"line":19,"column":19},"end":{"line":19,"column":54}},"9":{"start":{"line":22,"column":8},"end":{"line":22,"column":116}},"10":{"start":{"line":22,"column":66},"end":{"line":22,"column":116}},"11":{"start":{"line":25,"column":37},"end":{"line":25,"column":101}},"12":{"start":{"line":25,"column":67},"end":{"line":25,"column":100}},"13":{"start":{"line":26,"column":8},"end":{"line":26,"column":96}},"14":{"start":{"line":26,"column":45},"end":{"line":26,"column":96}},"15":{"start":{"line":29,"column":8},"end":{"line":29,"column":64}},"16":{"start":{"line":34,"column":8},"end":{"line":61,"column":9}},"17":{"start":{"line":35,"column":12},"end":{"line":43,"column":14}},"18":{"start":{"line":45,"column":12},"end":{"line":45,"column":59}},"19":{"start":{"line":46,"column":34},"end":{"line":46,"column":95}},"20":{"start":{"line":46,"column":72},"end":{"line":46,"column":93}},"21":{"start":{"line":47,"column":31},"end":{"line":47,"column":143}},"22":{"start":{"line":48,"column":27},"end":{"line":48,"column":131}},"23":{"start":{"line":49,"column":27},"end":{"line":49,"column":131}},"24":{"start":{"line":50,"column":32},"end":{"line":50,"column":112}},"25":{"start":{"line":52,"column":12},"end":{"line":60,"column":14}},"26":{"start":{"line":63,"column":8},"end":{"line":63,"column":31}},"27":{"start":{"line":64,"column":8},"end":{"line":64,"column":30}},"28":{"start":{"line":65,"column":8},"end":{"line":65,"column":67}},"29":{"start":{"line":68,"column":8},"end":{"line":95,"column":9}},"30":{"start":{"line":70,"column":13},"end":{"line":94,"column":13}},"31":{"start":{"line":73,"column":16},"end":{"line":73,"column":33}},"32":{"start":{"line":74,"column":16},"end":{"line":74,"column":69}},"33":{"start":{"line":77,"column":16},"end":{"line":77,"column":36}},"34":{"start":{"line":81,"column":16},"end":{"line":81,"column":103}},"35":{"start":{"line":81,"column":57},"end":{"line":81,"column":72}},"36":{"start":{"line":81,"column":73},"end":{"line":81,"column":101}},"37":{"start":{"line":82,"column":16},"end":{"line":82,"column":103}},"38":{"start":{"line":82,"column":57},"end":{"line":82,"column":72}},"39":{"start":{"line":82,"column":73},"end":{"line":82,"column":101}},"40":{"start":{"line":83,"column":16},"end":{"line":93,"column":17}},"41":{"start":{"line":84,"column":20},"end":{"line":84,"column":65}},"42":{"start":{"line":85,"column":20},"end":{"line":91,"column":21}},"43":{"start":{"line":86,"column":24},"end":{"line":86,"column":62}},"44":{"start":{"line":87,"column":24},"end":{"line":87,"column":47}},"45":{"start":{"line":88,"column":27},"end":{"line":91,"column":21}},"46":{"start":{"line":89,"column":24},"end":{"line":89,"column":54}},"47":{"start":{"line":90,"column":24},"end":{"line":90,"column":55}},"48":{"start":{"line":92,"column":20},"end":{"line":92,"column":35}},"49":{"start":{"line":97,"column":8},"end":{"line":97,"column":32}},"50":{"start":{"line":98,"column":8},"end":{"line":98,"column":25}},"51":{"start":{"line":99,"column":8},"end":{"line":99,"column":24}}},"fnMap":{"0":{"name":"(anonymous_0)","decl":{"start":{"line":12,"column":17},"end":{"line":12,"column":18}},"loc":{"start":{"line":12,"column":35},"end":{"line":101,"column":1}},"line":12},"1":{"name":"(anonymous_1)","decl":{"start":{"line":16,"column":12},"end":{"line":16,"column":13}},"loc":{"start":{"line":16,"column":24},"end":{"line":100,"column":5}},"line":16},"2":{"name":"(anonymous_2)","decl":{"start":{"line":25,"column":57},"end":{"line":25,"column":58}},"loc":{"start":{"line":25,"column":67},"end":{"line":25,"column":100}},"line":25},"3":{"name":"(anonymous_3)","decl":{"start":{"line":46,"column":62},"end":{"line":46,"column":63}},"loc":{"start":{"line":46,"column":72},"end":{"line":46,"column":93}},"line":46}},"branchMap":{"0":{"loc":{"start":{"line":19,"column":8},"end":{"line":19,"column":54}},"type":"if","locations":[{"start":{"line":19,"column":8},"end":{"line":19,"column":54}},{"start":{"line":19,"column":8},"end":{"line":19,"column":54}}],"line":19},"1":{"loc":{"start":{"line":22,"column":8},"end":{"line":22,"column":116}},"type":"if","locations":[{"start":{"line":22,"column":8},"end":{"line":22,"column":116}},{"start":{"line":22,"column":8},"end":{"line":22,"column":116}}],"line":22},"2":{"loc":{"start":{"line":22,"column":12},"end":{"line":22,"column":64}},"type":"binary-expr","locations":[{"start":{"line":22,"column":12},"end":{"line":22,"column":35}},{"start":{"line":22,"column":39},"end":{"line":22,"column":64}}],"line":22},"3":{"loc":{"start":{"line":25,"column":67},"end":{"line":25,"column":100}},"type":"binary-expr","locations":[{"start":{"line":25,"column":67},"end":{"line":25,"column":73}},{"start":{"line":25,"column":77},"end":{"line":25,"column":100}}],"line":25},"4":{"loc":{"start":{"line":26,"column":8},"end":{"line":26,"column":96}},"type":"if","locations":[{"start":{"line":26,"column":8},"end":{"line":26,"column":96}},{"start":{"line":26,"column":8},"end":{"line":26,"column":96}}],"line":26},"5":{"loc":{"start":{"line":29,"column":8},"end":{"line":29,"column":64}},"type":"cond-expr","locations":[{"start":{"line":29,"column":36},"end":{"line":29,"column":59}},{"start":{"line":29,"column":62},"end":{"line":29,"column":64}}],"line":29},"6":{"loc":{"start":{"line":34,"column":8},"end":{"line":61,"column":9}},"type":"if","locations":[{"start":{"line":34,"column":8},"end":{"line":61,"column":9}},{"start":{"line":34,"column":8},"end":{"line":61,"column":9}}],"line":34},"7":{"loc":{"start":{"line":46,"column":72},"end":{"line":46,"column":93}},"type":"cond-expr","locations":[{"start":{"line":46,"column":81},"end":{"line":46,"column":85}},{"start":{"line":46,"column":88},"end":{"line":46,"column":93}}],"line":46},"8":{"loc":{"start":{"line":47,"column":59},"end":{"line":47,"column":142}},"type":"cond-expr","locations":[{"start":{"line":47,"column":112},"end":{"line":47,"column":113}},{"start":{"line":47,"column":116},"end":{"line":47,"column":142}}],"line":47},"9":{"loc":{"start":{"line":48,"column":55},"end":{"line":48,"column":130}},"type":"cond-expr","locations":[{"start":{"line":48,"column":104},"end":{"line":48,"column":105}},{"start":{"line":48,"column":108},"end":{"line":48,"column":130}}],"line":48},"10":{"loc":{"start":{"line":49,"column":55},"end":{"line":49,"column":130}},"type":"cond-expr","locations":[{"start":{"line":49,"column":104},"end":{"line":49,"column":105}},{"start":{"line":49,"column":108},"end":{"line":49,"column":130}}],"line":49},"11":{"loc":{"start":{"line":50,"column":60},"end":{"line":50,"column":111}},"type":"cond-expr","locations":[{"start":{"line":50,"column":97},"end":{"line":50,"column":98}},{"start":{"line":50,"column":101},"end":{"line":50,"column":111}}],"line":50},"12":{"loc":{"start":{"line":70,"column":13},"end":{"line":94,"column":13}},"type":"if","locations":[{"start":{"line":70,"column":13},"end":{"line":94,"column":13}},{"start":{"line":70,"column":13},"end":{"line":94,"column":13}}],"line":70},"13":{"loc":{"start":{"line":81,"column":16},"end":{"line":81,"column":103}},"type":"if","locations":[{"start":{"line":81,"column":16},"end":{"line":81,"column":103}},{"start":{"line":81,"column":16},"end":{"line":81,"column":103}}],"line":81},"14":{"loc":{"start":{"line":82,"column":16},"end":{"line":82,"column":103}},"type":"if","locations":[{"start":{"line":82,"column":16},"end":{"line":82,"column":103}},{"start":{"line":82,"column":16},"end":{"line":82,"column":103}}],"line":82},"15":{"loc":{"start":{"line":83,"column":16},"end":{"line":93,"column":17}},"type":"if","locations":[{"start":{"line":83,"column":16},"end":{"line":93,"column":17}},{"start":{"line":83,"column":16},"end":{"line":93,"column":17}}],"line":83},"16":{"loc":{"start":{"line":85,"column":20},"end":{"line":91,"column":21}},"type":"if","locations":[{"start":{"line":85,"column":20},"end":{"line":91,"column":21}},{"start":{"line":85,"column":20},"end":{"line":91,"column":21}}],"line":85},"17":{"loc":{"start":{"line":88,"column":27},"end":{"line":91,"column":21}},"type":"if","locations":[{"start":{"line":88,"column":27},"end":{"line":91,"column":21}},{"start":{"line":88,"column":27},"end":{"line":91,"column":21}}],"line":88}},"s":{"0":1,"1":1,"2":1,"3":1,"4":9,"5":3,"6":3,"7":3,"8":2,"9":1,"10":0,"11":1,"12":3,"13":1,"14":0,"15":1,"16":1,"17":1,"18":0,"19":0,"20":0,"21":0,"22":0,"23":0,"24":0,"25":0,"26":1,"27":1,"28":1,"29":1,"30":3,"31":3,"32":3,"33":3,"34":3,"35":1,"36":1,"37":3,"38":1,"39":1,"40":3,"41":2,"42":2,"43":0,"44":0,"45":2,"46":2,"47":2,"48":2,"49":1,"50":1,"51":1},"f":{"0":9,"1":3,"2":3,"3":0},"b":{"0":[2,1],"1":[0,1],"2":[1,0],"3":[3,3],"4":[0,1],"5":[1,0],"6":[1,0],"7":[0,0],"8":[0,0],"9":[0,0],"10":[0,0],"11":[0,0],"12":[3,0],"13":[1,2],"14":[1,2],"15":[2,1],"16":[0,2],"17":[2,0]},"_coverageSchema":"43e27e138ebf9cfc5966b082cf9a028302ed4184","hash":"86cded900b4638478ab87f077ffcf60f7472428a","contentHash":"745df8c1fa93236a3d2c07242bbac0280f7205dd6d9ac732770af872cac600b9"},"/home/lolo/bootcamp/collab/skylab-bootcamp-201907/staff/manuel-galvez/bro-holdem/bro-holdem-api/logic/game/card-dealing/index.js":{"path":"/home/lolo/bootcamp/collab/skylab-bootcamp-201907/staff/manuel-galvez/bro-holdem/bro-holdem-api/logic/game/card-dealing/index.js","statementMap":{"0":{"start":{"line":1,"column":29},"end":{"line":1,"column":55}},"1":{"start":{"line":7,"column":4},"end":{"line":15,"column":5}},"2":{"start":{"line":8,"column":8},"end":{"line":11,"column":23}},"3":{"start":{"line":9,"column":12},"end":{"line":9,"column":73}},"4":{"start":{"line":10,"column":12},"end":{"line":10,"column":74}},"5":{"start":{"line":10,"column":43},"end":{"line":10,"column":73}},"6":{"start":{"line":12,"column":8},"end":{"line":12,"column":37}},"7":{"start":{"line":13,"column":8},"end":{"line":13,"column":37}},"8":{"start":{"line":14,"column":8},"end":{"line":14,"column":21}},"9":{"start":{"line":18,"column":0},"end":{"line":18,"column":28}}},"fnMap":{"0":{"name":"cardDealing","decl":{"start":{"line":3,"column":15},"end":{"line":3,"column":26}},"loc":{"start":{"line":3,"column":64},"end":{"line":16,"column":1}},"line":3},"1":{"name":"(anonymous_1)","decl":{"start":{"line":10,"column":35},"end":{"line":10,"column":36}},"loc":{"start":{"line":10,"column":43},"end":{"line":10,"column":73}},"line":10}},"branchMap":{},"s":{"0":1,"1":6,"2":11,"3":11,"4":11,"5":51,"6":11,"7":11,"8":11,"9":1},"f":{"0":6,"1":51},"b":{},"_coverageSchema":"43e27e138ebf9cfc5966b082cf9a028302ed4184","hash":"985f6927a4098ce57e89387f5a18ad3ce3ef7b07","contentHash":"abc35ca59d0ea4d5d2a3c0cf3fb3ee3529de2e455320e1b217c562c7355d6fd0"},"/home/lolo/bootcamp/collab/skylab-bootcamp-201907/staff/manuel-galvez/bro-holdem/bro-holdem-api/logic/game/retrieve-game/index.js":{"path":"/home/lolo/bootcamp/collab/skylab-bootcamp-201907/staff/manuel-galvez/bro-holdem/bro-holdem-api/logic/game/retrieve-game/index.js","statementMap":{"0":{"start":{"line":1,"column":21},"end":{"line":1,"column":48}},"1":{"start":{"line":2,"column":35},"end":{"line":2,"column":61}},"2":{"start":{"line":11,"column":0},"end":{"line":36,"column":1}},"3":{"start":{"line":13,"column":4},"end":{"line":13,"column":40}},"4":{"start":{"line":15,"column":4},"end":{"line":35,"column":8}},"5":{"start":{"line":18,"column":21},"end":{"line":18,"column":108}},"6":{"start":{"line":19,"column":8},"end":{"line":19,"column":54}},"7":{"start":{"line":19,"column":19},"end":{"line":19,"column":54}},"8":{"start":{"line":20,"column":8},"end":{"line":20,"column":24}},"9":{"start":{"line":21,"column":8},"end":{"line":27,"column":10}},"10":{"start":{"line":22,"column":12},"end":{"line":26,"column":13}},"11":{"start":{"line":23,"column":16},"end":{"line":23,"column":46}},"12":{"start":{"line":24,"column":16},"end":{"line":24,"column":56}},"13":{"start":{"line":25,"column":16},"end":{"line":25,"column":33}},"14":{"start":{"line":28,"column":8},"end":{"line":33,"column":10}},"15":{"start":{"line":29,"column":12},"end":{"line":32,"column":13}},"16":{"start":{"line":30,"column":16},"end":{"line":30,"column":42}},"17":{"start":{"line":31,"column":16},"end":{"line":31,"column":31}},"18":{"start":{"line":34,"column":8},"end":{"line":34,"column":19}}},"fnMap":{"0":{"name":"(anonymous_0)","decl":{"start":{"line":11,"column":17},"end":{"line":11,"column":18}},"loc":{"start":{"line":11,"column":35},"end":{"line":36,"column":1}},"line":11},"1":{"name":"(anonymous_1)","decl":{"start":{"line":15,"column":12},"end":{"line":15,"column":13}},"loc":{"start":{"line":15,"column":24},"end":{"line":35,"column":5}},"line":15},"2":{"name":"(anonymous_2)","decl":{"start":{"line":21,"column":29},"end":{"line":21,"column":30}},"loc":{"start":{"line":21,"column":39},"end":{"line":27,"column":9}},"line":21},"3":{"name":"(anonymous_3)","decl":{"start":{"line":28,"column":27},"end":{"line":28,"column":28}},"loc":{"start":{"line":28,"column":35},"end":{"line":33,"column":9}},"line":28}},"branchMap":{"0":{"loc":{"start":{"line":19,"column":8},"end":{"line":19,"column":54}},"type":"if","locations":[{"start":{"line":19,"column":8},"end":{"line":19,"column":54}},{"start":{"line":19,"column":8},"end":{"line":19,"column":54}}],"line":19},"1":{"loc":{"start":{"line":22,"column":12},"end":{"line":26,"column":13}},"type":"if","locations":[{"start":{"line":22,"column":12},"end":{"line":26,"column":13}},{"start":{"line":22,"column":12},"end":{"line":26,"column":13}}],"line":22},"2":{"loc":{"start":{"line":29,"column":12},"end":{"line":32,"column":13}},"type":"if","locations":[{"start":{"line":29,"column":12},"end":{"line":32,"column":13}},{"start":{"line":29,"column":12},"end":{"line":32,"column":13}}],"line":29}},"s":{"0":1,"1":1,"2":1,"3":1,"4":1,"5":1,"6":1,"7":0,"8":1,"9":1,"10":2,"11":2,"12":2,"13":2,"14":1,"15":0,"16":0,"17":0,"18":1},"f":{"0":1,"1":1,"2":2,"3":0},"b":{"0":[0,1],"1":[2,0],"2":[0,0]},"_coverageSchema":"43e27e138ebf9cfc5966b082cf9a028302ed4184","hash":"ae8ddcb045a53020c8eb5c0f8ea0a62cf9e053c0","contentHash":"a645e33b9163f8b52d88ff68712e764ebecb2fdd25508d3f9f97d83c7dc011a6"},"/home/lolo/bootcamp/collab/skylab-bootcamp-201907/staff/manuel-galvez/bro-holdem/bro-holdem-api/logic/game/leave-game/index.js":{"path":"/home/lolo/bootcamp/collab/skylab-bootcamp-201907/staff/manuel-galvez/bro-holdem/bro-holdem-api/logic/game/leave-game/index.js","statementMap":{"0":{"start":{"line":1,"column":21},"end":{"line":1,"column":48}},"1":{"start":{"line":2,"column":35},"end":{"line":2,"column":61}},"2":{"start":{"line":12,"column":0},"end":{"line":57,"column":1}},"3":{"start":{"line":14,"column":4},"end":{"line":14,"column":40}},"4":{"start":{"line":15,"column":4},"end":{"line":15,"column":40}},"5":{"start":{"line":17,"column":4},"end":{"line":56,"column":8}},"6":{"start":{"line":20,"column":21},"end":{"line":20,"column":48}},"7":{"start":{"line":21,"column":8},"end":{"line":21,"column":54}},"8":{"start":{"line":21,"column":19},"end":{"line":21,"column":54}},"9":{"start":{"line":23,"column":35},"end":{"line":23,"column":109}},"10":{"start":{"line":23,"column":68},"end":{"line":23,"column":108}},"11":{"start":{"line":24,"column":8},"end":{"line":24,"column":119}},"12":{"start":{"line":24,"column":39},"end":{"line":24,"column":119}},"13":{"start":{"line":26,"column":21},"end":{"line":26,"column":48}},"14":{"start":{"line":27,"column":8},"end":{"line":27,"column":54}},"15":{"start":{"line":27,"column":19},"end":{"line":27,"column":54}},"16":{"start":{"line":30,"column":8},"end":{"line":30,"column":47}},"17":{"start":{"line":31,"column":33},"end":{"line":31,"column":80}},"18":{"start":{"line":31,"column":63},"end":{"line":31,"column":79}},"19":{"start":{"line":32,"column":8},"end":{"line":32,"column":93}},"20":{"start":{"line":32,"column":38},"end":{"line":32,"column":93}},"21":{"start":{"line":35,"column":28},"end":{"line":35,"column":61}},"22":{"start":{"line":38,"column":8},"end":{"line":51,"column":9}},"23":{"start":{"line":39,"column":12},"end":{"line":43,"column":13}},"24":{"start":{"line":40,"column":16},"end":{"line":40,"column":109}},"25":{"start":{"line":40,"column":77},"end":{"line":40,"column":107}},"26":{"start":{"line":41,"column":16},"end":{"line":41,"column":101}},"27":{"start":{"line":42,"column":16},"end":{"line":42,"column":72}},"28":{"start":{"line":45,"column":12},"end":{"line":50,"column":13}},"29":{"start":{"line":46,"column":16},"end":{"line":46,"column":109}},"30":{"start":{"line":46,"column":77},"end":{"line":46,"column":107}},"31":{"start":{"line":47,"column":16},"end":{"line":47,"column":101}},"32":{"start":{"line":48,"column":35},"end":{"line":48,"column":73}},"33":{"start":{"line":49,"column":16},"end":{"line":49,"column":121}},"34":{"start":{"line":53,"column":8},"end":{"line":53,"column":36}},"35":{"start":{"line":54,"column":8},"end":{"line":54,"column":34}},"36":{"start":{"line":55,"column":8},"end":{"line":55,"column":25}}},"fnMap":{"0":{"name":"(anonymous_0)","decl":{"start":{"line":12,"column":17},"end":{"line":12,"column":18}},"loc":{"start":{"line":12,"column":43},"end":{"line":57,"column":1}},"line":12},"1":{"name":"(anonymous_1)","decl":{"start":{"line":17,"column":12},"end":{"line":17,"column":13}},"loc":{"start":{"line":17,"column":24},"end":{"line":56,"column":5}},"line":17},"2":{"name":"(anonymous_2)","decl":{"start":{"line":23,"column":58},"end":{"line":23,"column":59}},"loc":{"start":{"line":23,"column":68},"end":{"line":23,"column":108}},"line":23},"3":{"name":"(anonymous_3)","decl":{"start":{"line":31,"column":53},"end":{"line":31,"column":54}},"loc":{"start":{"line":31,"column":63},"end":{"line":31,"column":79}},"line":31},"4":{"name":"(anonymous_4)","decl":{"start":{"line":40,"column":60},"end":{"line":40,"column":61}},"loc":{"start":{"line":40,"column":77},"end":{"line":40,"column":107}},"line":40},"5":{"name":"(anonymous_5)","decl":{"start":{"line":46,"column":60},"end":{"line":46,"column":61}},"loc":{"start":{"line":46,"column":77},"end":{"line":46,"column":107}},"line":46}},"branchMap":{"0":{"loc":{"start":{"line":21,"column":8},"end":{"line":21,"column":54}},"type":"if","locations":[{"start":{"line":21,"column":8},"end":{"line":21,"column":54}},{"start":{"line":21,"column":8},"end":{"line":21,"column":54}}],"line":21},"1":{"loc":{"start":{"line":23,"column":68},"end":{"line":23,"column":108}},"type":"binary-expr","locations":[{"start":{"line":23,"column":68},"end":{"line":23,"column":74}},{"start":{"line":23,"column":78},"end":{"line":23,"column":108}}],"line":23},"2":{"loc":{"start":{"line":24,"column":8},"end":{"line":24,"column":119}},"type":"if","locations":[{"start":{"line":24,"column":8},"end":{"line":24,"column":119}},{"start":{"line":24,"column":8},"end":{"line":24,"column":119}}],"line":24},"3":{"loc":{"start":{"line":27,"column":8},"end":{"line":27,"column":54}},"type":"if","locations":[{"start":{"line":27,"column":8},"end":{"line":27,"column":54}},{"start":{"line":27,"column":8},"end":{"line":27,"column":54}}],"line":27},"4":{"loc":{"start":{"line":31,"column":63},"end":{"line":31,"column":79}},"type":"binary-expr","locations":[{"start":{"line":31,"column":63},"end":{"line":31,"column":69}},{"start":{"line":31,"column":73},"end":{"line":31,"column":79}}],"line":31},"5":{"loc":{"start":{"line":32,"column":8},"end":{"line":32,"column":93}},"type":"if","locations":[{"start":{"line":32,"column":8},"end":{"line":32,"column":93}},{"start":{"line":32,"column":8},"end":{"line":32,"column":93}}],"line":32},"6":{"loc":{"start":{"line":38,"column":8},"end":{"line":51,"column":9}},"type":"if","locations":[{"start":{"line":38,"column":8},"end":{"line":51,"column":9}},{"start":{"line":38,"column":8},"end":{"line":51,"column":9}}],"line":38},"7":{"loc":{"start":{"line":39,"column":12},"end":{"line":43,"column":13}},"type":"if","locations":[{"start":{"line":39,"column":12},"end":{"line":43,"column":13}},{"start":{"line":39,"column":12},"end":{"line":43,"column":13}}],"line":39},"8":{"loc":{"start":{"line":40,"column":77},"end":{"line":40,"column":107}},"type":"cond-expr","locations":[{"start":{"line":40,"column":86},"end":{"line":40,"column":99}},{"start":{"line":40,"column":102},"end":{"line":40,"column":107}}],"line":40},"9":{"loc":{"start":{"line":41,"column":24},"end":{"line":41,"column":101}},"type":"cond-expr","locations":[{"start":{"line":41,"column":75},"end":{"line":41,"column":76}},{"start":{"line":41,"column":79},"end":{"line":41,"column":101}}],"line":41},"10":{"loc":{"start":{"line":45,"column":12},"end":{"line":50,"column":13}},"type":"if","locations":[{"start":{"line":45,"column":12},"end":{"line":50,"column":13}},{"start":{"line":45,"column":12},"end":{"line":50,"column":13}}],"line":45},"11":{"loc":{"start":{"line":46,"column":77},"end":{"line":46,"column":107}},"type":"cond-expr","locations":[{"start":{"line":46,"column":86},"end":{"line":46,"column":99}},{"start":{"line":46,"column":102},"end":{"line":46,"column":107}}],"line":46},"12":{"loc":{"start":{"line":47,"column":24},"end":{"line":47,"column":101}},"type":"cond-expr","locations":[{"start":{"line":47,"column":53},"end":{"line":47,"column":76}},{"start":{"line":47,"column":79},"end":{"line":47,"column":101}}],"line":47},"13":{"loc":{"start":{"line":49,"column":16},"end":{"line":49,"column":121}},"type":"cond-expr","locations":[{"start":{"line":49,"column":33},"end":{"line":49,"column":86}},{"start":{"line":49,"column":90},"end":{"line":49,"column":121}}],"line":49}},"s":{"0":1,"1":1,"2":1,"3":9,"4":6,"5":3,"6":3,"7":3,"8":1,"9":2,"10":6,"11":2,"12":0,"13":2,"14":2,"15":1,"16":1,"17":1,"18":3,"19":1,"20":0,"21":1,"22":1,"23":0,"24":0,"25":0,"26":0,"27":0,"28":0,"29":0,"30":0,"31":0,"32":0,"33":0,"34":1,"35":1,"36":1},"f":{"0":9,"1":3,"2":6,"3":3,"4":0,"5":0},"b":{"0":[1,2],"1":[6,6],"2":[0,2],"3":[1,1],"4":[3,2],"5":[0,1],"6":[0,1],"7":[0,0],"8":[0,0],"9":[0,0],"10":[0,0],"11":[0,0],"12":[0,0],"13":[0,0]},"_coverageSchema":"43e27e138ebf9cfc5966b082cf9a028302ed4184","hash":"cbdb1a07db089dee384014312e1bfbd050032f43","contentHash":"ed6e387a663e52e51a8245aee3e8c16e5097aa297d84fe690e1d6d245ac7fec3"},"/home/lolo/bootcamp/collab/skylab-bootcamp-201907/staff/manuel-galvez/bro-holdem/bro-holdem-api/logic/action/call/index.js":{"path":"/home/lolo/bootcamp/collab/skylab-bootcamp-201907/staff/manuel-galvez/bro-holdem/bro-holdem-api/logic/action/call/index.js","statementMap":{"0":{"start":{"line":1,"column":21},"end":{"line":1,"column":48}},"1":{"start":{"line":2,"column":31},"end":{"line":2,"column":57}},"2":{"start":{"line":3,"column":18},"end":{"line":3,"column":50}},"3":{"start":{"line":13,"column":0},"end":{"line":54,"column":1}},"4":{"start":{"line":15,"column":4},"end":{"line":15,"column":40}},"5":{"start":{"line":16,"column":4},"end":{"line":16,"column":40}},"6":{"start":{"line":18,"column":4},"end":{"line":53,"column":8}},"7":{"start":{"line":21,"column":46},"end":{"line":21,"column":77}},"8":{"start":{"line":24,"column":27},"end":{"line":24,"column":87}},"9":{"start":{"line":24,"column":72},"end":{"line":24,"column":85}},"10":{"start":{"line":27,"column":27},"end":{"line":27,"column":56}},"11":{"start":{"line":30,"column":8},"end":{"line":30,"column":41}},"12":{"start":{"line":31,"column":8},"end":{"line":31,"column":37}},"13":{"start":{"line":34,"column":8},"end":{"line":34,"column":37}},"14":{"start":{"line":37,"column":23},"end":{"line":44,"column":10}},"15":{"start":{"line":45,"column":8},"end":{"line":45,"column":33}},"16":{"start":{"line":46,"column":8},"end":{"line":46,"column":33}},"17":{"start":{"line":47,"column":8},"end":{"line":47,"column":29}},"18":{"start":{"line":48,"column":8},"end":{"line":48,"column":36}},"19":{"start":{"line":50,"column":8},"end":{"line":50,"column":55}},"20":{"start":{"line":51,"column":8},"end":{"line":51,"column":14}}},"fnMap":{"0":{"name":"(anonymous_0)","decl":{"start":{"line":13,"column":17},"end":{"line":13,"column":18}},"loc":{"start":{"line":13,"column":43},"end":{"line":54,"column":1}},"line":13},"1":{"name":"(anonymous_1)","decl":{"start":{"line":18,"column":12},"end":{"line":18,"column":13}},"loc":{"start":{"line":18,"column":24},"end":{"line":53,"column":5}},"line":18},"2":{"name":"(anonymous_2)","decl":{"start":{"line":24,"column":65},"end":{"line":24,"column":66}},"loc":{"start":{"line":24,"column":72},"end":{"line":24,"column":85}},"line":24}},"branchMap":{},"s":{"0":1,"1":1,"2":1,"3":1,"4":8,"5":5,"6":2,"7":2,"8":1,"9":3,"10":1,"11":1,"12":1,"13":1,"14":1,"15":1,"16":1,"17":1,"18":1,"19":1,"20":1},"f":{"0":8,"1":2,"2":3},"b":{},"_coverageSchema":"43e27e138ebf9cfc5966b082cf9a028302ed4184","hash":"1dad3cc706635c2d72fa4941d90a884acb17df6f","contentHash":"b9638dad0673c697f8a676fe2483dae214914800df6bcce6c6508945bd563584"},"/home/lolo/bootcamp/collab/skylab-bootcamp-201907/staff/manuel-galvez/bro-holdem/bro-holdem-api/logic/game/game-check/index.js":{"path":"/home/lolo/bootcamp/collab/skylab-bootcamp-201907/staff/manuel-galvez/bro-holdem/bro-holdem-api/logic/game/game-check/index.js","statementMap":{"0":{"start":{"line":1,"column":29},"end":{"line":1,"column":55}},"1":{"start":{"line":6,"column":17},"end":{"line":6,"column":44}},"2":{"start":{"line":7,"column":4},"end":{"line":7,"column":50}},"3":{"start":{"line":7,"column":15},"end":{"line":7,"column":50}},"4":{"start":{"line":10,"column":4},"end":{"line":10,"column":79}},"5":{"start":{"line":10,"column":30},"end":{"line":10,"column":79}},"6":{"start":{"line":11,"column":19},"end":{"line":11,"column":78}},"7":{"start":{"line":11,"column":47},"end":{"line":11,"column":77}},"8":{"start":{"line":12,"column":4},"end":{"line":12,"column":68}},"9":{"start":{"line":12,"column":17},"end":{"line":12,"column":68}},"10":{"start":{"line":15,"column":4},"end":{"line":15,"column":82}},"11":{"start":{"line":15,"column":28},"end":{"line":15,"column":82}},"12":{"start":{"line":16,"column":24},"end":{"line":16,"column":57}},"13":{"start":{"line":17,"column":4},"end":{"line":17,"column":82}},"14":{"start":{"line":17,"column":49},"end":{"line":17,"column":82}},"15":{"start":{"line":20,"column":4},"end":{"line":20,"column":75}},"16":{"start":{"line":20,"column":24},"end":{"line":20,"column":75}},"17":{"start":{"line":22,"column":4},"end":{"line":22,"column":40}},"18":{"start":{"line":26,"column":0},"end":{"line":26,"column":26}}},"fnMap":{"0":{"name":"gameCheck","decl":{"start":{"line":3,"column":15},"end":{"line":3,"column":24}},"loc":{"start":{"line":3,"column":41},"end":{"line":24,"column":1}},"line":3},"1":{"name":"(anonymous_1)","decl":{"start":{"line":11,"column":37},"end":{"line":11,"column":38}},"loc":{"start":{"line":11,"column":47},"end":{"line":11,"column":77}},"line":11}},"branchMap":{"0":{"loc":{"start":{"line":7,"column":4},"end":{"line":7,"column":50}},"type":"if","locations":[{"start":{"line":7,"column":4},"end":{"line":7,"column":50}},{"start":{"line":7,"column":4},"end":{"line":7,"column":50}}],"line":7},"1":{"loc":{"start":{"line":10,"column":4},"end":{"line":10,"column":79}},"type":"if","locations":[{"start":{"line":10,"column":4},"end":{"line":10,"column":79}},{"start":{"line":10,"column":4},"end":{"line":10,"column":79}}],"line":10},"2":{"loc":{"start":{"line":12,"column":4},"end":{"line":12,"column":68}},"type":"if","locations":[{"start":{"line":12,"column":4},"end":{"line":12,"column":68}},{"start":{"line":12,"column":4},"end":{"line":12,"column":68}}],"line":12},"3":{"loc":{"start":{"line":15,"column":4},"end":{"line":15,"column":82}},"type":"if","locations":[{"start":{"line":15,"column":4},"end":{"line":15,"column":82}},{"start":{"line":15,"column":4},"end":{"line":15,"column":82}}],"line":15},"4":{"loc":{"start":{"line":17,"column":4},"end":{"line":17,"column":82}},"type":"if","locations":[{"start":{"line":17,"column":4},"end":{"line":17,"column":82}},{"start":{"line":17,"column":4},"end":{"line":17,"column":82}}],"line":17},"5":{"loc":{"start":{"line":20,"column":4},"end":{"line":20,"column":75}},"type":"if","locations":[{"start":{"line":20,"column":4},"end":{"line":20,"column":75}},{"start":{"line":20,"column":4},"end":{"line":20,"column":75}}],"line":20}},"s":{"0":1,"1":8,"2":8,"3":4,"4":4,"5":0,"6":4,"7":9,"8":4,"9":0,"10":4,"11":0,"12":4,"13":4,"14":0,"15":4,"16":0,"17":4,"18":1},"f":{"0":8,"1":9},"b":{"0":[4,4],"1":[0,4],"2":[0,4],"3":[0,4],"4":[0,4],"5":[0,4]},"_coverageSchema":"43e27e138ebf9cfc5966b082cf9a028302ed4184","hash":"6d82940f0f41c28a380d6ad40d1e8754f0f50d29","contentHash":"1a7e31f8db2c62cad5eed7902633bc466bee88ce716c28e3823f2bebeb4cdc35"},"/home/lolo/bootcamp/collab/skylab-bootcamp-201907/staff/manuel-galvez/bro-holdem/bro-holdem-api/logic/action/check/index.js":{"path":"/home/lolo/bootcamp/collab/skylab-bootcamp-201907/staff/manuel-galvez/bro-holdem/bro-holdem-api/logic/action/check/index.js","statementMap":{"0":{"start":{"line":1,"column":21},"end":{"line":1,"column":48}},"1":{"start":{"line":2,"column":31},"end":{"line":2,"column":57}},"2":{"start":{"line":3,"column":18},"end":{"line":3,"column":50}},"3":{"start":{"line":14,"column":0},"end":{"line":48,"column":1}},"4":{"start":{"line":16,"column":4},"end":{"line":16,"column":40}},"5":{"start":{"line":17,"column":4},"end":{"line":17,"column":40}},"6":{"start":{"line":19,"column":4},"end":{"line":47,"column":8}},"7":{"start":{"line":23,"column":46},"end":{"line":23,"column":77}},"8":{"start":{"line":26,"column":27},"end":{"line":26,"column":87}},"9":{"start":{"line":26,"column":72},"end":{"line":26,"column":85}},"10":{"start":{"line":28,"column":8},"end":{"line":28,"column":123}},"11":{"start":{"line":28,"column":43},"end":{"line":28,"column":123}},"12":{"start":{"line":31,"column":23},"end":{"line":38,"column":10}},"13":{"start":{"line":39,"column":8},"end":{"line":39,"column":33}},"14":{"start":{"line":40,"column":8},"end":{"line":40,"column":33}},"15":{"start":{"line":41,"column":8},"end":{"line":41,"column":29}},"16":{"start":{"line":42,"column":8},"end":{"line":42,"column":36}},"17":{"start":{"line":44,"column":8},"end":{"line":44,"column":27}},"18":{"start":{"line":45,"column":8},"end":{"line":45,"column":14}}},"fnMap":{"0":{"name":"(anonymous_0)","decl":{"start":{"line":14,"column":17},"end":{"line":14,"column":18}},"loc":{"start":{"line":14,"column":43},"end":{"line":48,"column":1}},"line":14},"1":{"name":"(anonymous_1)","decl":{"start":{"line":19,"column":12},"end":{"line":19,"column":13}},"loc":{"start":{"line":19,"column":24},"end":{"line":47,"column":5}},"line":19},"2":{"name":"(anonymous_2)","decl":{"start":{"line":26,"column":65},"end":{"line":26,"column":66}},"loc":{"start":{"line":26,"column":72},"end":{"line":26,"column":85}},"line":26}},"branchMap":{"0":{"loc":{"start":{"line":28,"column":8},"end":{"line":28,"column":123}},"type":"if","locations":[{"start":{"line":28,"column":8},"end":{"line":28,"column":123}},{"start":{"line":28,"column":8},"end":{"line":28,"column":123}}],"line":28}},"s":{"0":1,"1":1,"2":1,"3":1,"4":8,"5":5,"6":2,"7":2,"8":1,"9":3,"10":1,"11":0,"12":1,"13":1,"14":1,"15":1,"16":1,"17":1,"18":1},"f":{"0":8,"1":2,"2":3},"b":{"0":[0,1]},"_coverageSchema":"43e27e138ebf9cfc5966b082cf9a028302ed4184","hash":"bf7dca812d12f6082831f5e15c6dad8b91dac7df","contentHash":"0c8343ce44f789d066c359dc89283000b29b53b4162abbb3a622356e70244390"},"/home/lolo/bootcamp/collab/skylab-bootcamp-201907/staff/manuel-galvez/bro-holdem/bro-holdem-api/logic/action/fold/index.js":{"path":"/home/lolo/bootcamp/collab/skylab-bootcamp-201907/staff/manuel-galvez/bro-holdem/bro-holdem-api/logic/action/fold/index.js","statementMap":{"0":{"start":{"line":1,"column":21},"end":{"line":1,"column":48}},"1":{"start":{"line":2,"column":31},"end":{"line":2,"column":57}},"2":{"start":{"line":3,"column":18},"end":{"line":3,"column":50}},"3":{"start":{"line":15,"column":0},"end":{"line":48,"column":1}},"4":{"start":{"line":17,"column":4},"end":{"line":17,"column":40}},"5":{"start":{"line":18,"column":4},"end":{"line":18,"column":40}},"6":{"start":{"line":20,"column":4},"end":{"line":47,"column":8}},"7":{"start":{"line":24,"column":46},"end":{"line":24,"column":77}},"8":{"start":{"line":27,"column":8},"end":{"line":27,"column":29}},"9":{"start":{"line":28,"column":8},"end":{"line":28,"column":25}},"10":{"start":{"line":31,"column":23},"end":{"line":38,"column":10}},"11":{"start":{"line":39,"column":8},"end":{"line":39,"column":33}},"12":{"start":{"line":40,"column":8},"end":{"line":40,"column":33}},"13":{"start":{"line":41,"column":8},"end":{"line":41,"column":29}},"14":{"start":{"line":42,"column":8},"end":{"line":42,"column":36}},"15":{"start":{"line":44,"column":8},"end":{"line":44,"column":55}},"16":{"start":{"line":45,"column":8},"end":{"line":45,"column":14}}},"fnMap":{"0":{"name":"(anonymous_0)","decl":{"start":{"line":15,"column":17},"end":{"line":15,"column":18}},"loc":{"start":{"line":15,"column":43},"end":{"line":48,"column":1}},"line":15},"1":{"name":"(anonymous_1)","decl":{"start":{"line":20,"column":12},"end":{"line":20,"column":13}},"loc":{"start":{"line":20,"column":24},"end":{"line":47,"column":5}},"line":20}},"branchMap":{},"s":{"0":1,"1":1,"2":1,"3":1,"4":8,"5":5,"6":2,"7":2,"8":1,"9":1,"10":1,"11":1,"12":1,"13":1,"14":1,"15":1,"16":1},"f":{"0":8,"1":2},"b":{},"_coverageSchema":"43e27e138ebf9cfc5966b082cf9a028302ed4184","hash":"5ea10ece2be35415c4e2f1ade1ee3d272350a26b","contentHash":"de2be6af31ba21de9b567a2578a396451d160424c53f38cf8d77355808394b11"},"/home/lolo/bootcamp/collab/skylab-bootcamp-201907/staff/manuel-galvez/bro-holdem/bro-holdem-api/logic/action/raise/index.js":{"path":"/home/lolo/bootcamp/collab/skylab-bootcamp-201907/staff/manuel-galvez/bro-holdem/bro-holdem-api/logic/action/raise/index.js","statementMap":{"0":{"start":{"line":1,"column":21},"end":{"line":1,"column":48}},"1":{"start":{"line":2,"column":31},"end":{"line":2,"column":57}},"2":{"start":{"line":3,"column":18},"end":{"line":3,"column":50}},"3":{"start":{"line":15,"column":0},"end":{"line":67,"column":1}},"4":{"start":{"line":18,"column":4},"end":{"line":18,"column":40}},"5":{"start":{"line":19,"column":4},"end":{"line":19,"column":40}},"6":{"start":{"line":20,"column":4},"end":{"line":20,"column":37}},"7":{"start":{"line":22,"column":4},"end":{"line":66,"column":8}},"8":{"start":{"line":27,"column":46},"end":{"line":27,"column":77}},"9":{"start":{"line":30,"column":27},"end":{"line":30,"column":87}},"10":{"start":{"line":30,"column":72},"end":{"line":30,"column":85}},"11":{"start":{"line":35,"column":28},"end":{"line":35,"column":54}},"12":{"start":{"line":38,"column":8},"end":{"line":38,"column":38}},"13":{"start":{"line":39,"column":8},"end":{"line":39,"column":38}},"14":{"start":{"line":42,"column":8},"end":{"line":42,"column":34}},"15":{"start":{"line":45,"column":8},"end":{"line":45,"column":95}},"16":{"start":{"line":46,"column":8},"end":{"line":46,"column":115}},"17":{"start":{"line":46,"column":58},"end":{"line":46,"column":88}},"18":{"start":{"line":47,"column":8},"end":{"line":47,"column":109}},"19":{"start":{"line":50,"column":23},"end":{"line":57,"column":10}},"20":{"start":{"line":58,"column":8},"end":{"line":58,"column":33}},"21":{"start":{"line":59,"column":8},"end":{"line":59,"column":33}},"22":{"start":{"line":60,"column":8},"end":{"line":60,"column":29}},"23":{"start":{"line":61,"column":8},"end":{"line":61,"column":36}},"24":{"start":{"line":63,"column":8},"end":{"line":63,"column":55}},"25":{"start":{"line":64,"column":8},"end":{"line":64,"column":14}}},"fnMap":{"0":{"name":"(anonymous_0)","decl":{"start":{"line":15,"column":17},"end":{"line":15,"column":18}},"loc":{"start":{"line":15,"column":52},"end":{"line":67,"column":1}},"line":15},"1":{"name":"(anonymous_1)","decl":{"start":{"line":22,"column":12},"end":{"line":22,"column":13}},"loc":{"start":{"line":22,"column":24},"end":{"line":66,"column":5}},"line":22},"2":{"name":"(anonymous_2)","decl":{"start":{"line":30,"column":65},"end":{"line":30,"column":66}},"loc":{"start":{"line":30,"column":72},"end":{"line":30,"column":85}},"line":30},"3":{"name":"(anonymous_3)","decl":{"start":{"line":46,"column":48},"end":{"line":46,"column":49}},"loc":{"start":{"line":46,"column":58},"end":{"line":46,"column":88}},"line":46}},"branchMap":{"0":{"loc":{"start":{"line":45,"column":8},"end":{"line":45,"column":95}},"type":"cond-expr","locations":[{"start":{"line":45,"column":34},"end":{"line":45,"column":65}},{"start":{"line":45,"column":68},"end":{"line":45,"column":95}}],"line":45},"1":{"loc":{"start":{"line":46,"column":58},"end":{"line":46,"column":88}},"type":"cond-expr","locations":[{"start":{"line":46,"column":67},"end":{"line":46,"column":80}},{"start":{"line":46,"column":83},"end":{"line":46,"column":88}}],"line":46},"2":{"loc":{"start":{"line":47,"column":8},"end":{"line":47,"column":109}},"type":"cond-expr","locations":[{"start":{"line":47,"column":24},"end":{"line":47,"column":76}},{"start":{"line":47,"column":79},"end":{"line":47,"column":109}}],"line":47}},"s":{"0":1,"1":1,"2":1,"3":1,"4":11,"5":8,"6":5,"7":2,"8":2,"9":1,"10":3,"11":1,"12":1,"13":1,"14":1,"15":1,"16":1,"17":3,"18":1,"19":1,"20":1,"21":1,"22":1,"23":1,"24":1,"25":1},"f":{"0":11,"1":2,"2":3,"3":3},"b":{"0":[0,1],"1":[3,0],"2":[0,1]},"_coverageSchema":"43e27e138ebf9cfc5966b082cf9a028302ed4184","hash":"cf69c907e3b824485dcdeb1013bb42c2fe48c187","contentHash":"862b9056b9d948f23ee3123c4a67a67d89ea93f5bbe402d1f06fbad55d5288c6"},"/home/lolo/bootcamp/collab/skylab-bootcamp-201907/staff/manuel-galvez/bro-holdem/bro-holdem-api/logic/game/update-turn/index.js":{"path":"/home/lolo/bootcamp/collab/skylab-bootcamp-201907/staff/manuel-galvez/bro-holdem/bro-holdem-api/logic/game/update-turn/index.js","statementMap":{"0":{"start":{"line":1,"column":21},"end":{"line":1,"column":48}},"1":{"start":{"line":2,"column":29},"end":{"line":2,"column":55}},"2":{"start":{"line":3,"column":20},"end":{"line":3,"column":46}},"3":{"start":{"line":4,"column":20},"end":{"line":4,"column":46}},"4":{"start":{"line":13,"column":0},"end":{"line":114,"column":1}},"5":{"start":{"line":19,"column":4},"end":{"line":19,"column":40}},"6":{"start":{"line":21,"column":4},"end":{"line":113,"column":8}},"7":{"start":{"line":25,"column":21},"end":{"line":25,"column":48}},"8":{"start":{"line":26,"column":8},"end":{"line":26,"column":54}},"9":{"start":{"line":26,"column":19},"end":{"line":26,"column":54}},"10":{"start":{"line":28,"column":8},"end":{"line":28,"column":71}},"11":{"start":{"line":28,"column":39},"end":{"line":28,"column":71}},"12":{"start":{"line":29,"column":28},"end":{"line":29,"column":61}},"13":{"start":{"line":30,"column":8},"end":{"line":30,"column":70}},"14":{"start":{"line":30,"column":26},"end":{"line":30,"column":70}},"15":{"start":{"line":33,"column":8},"end":{"line":33,"column":71}},"16":{"start":{"line":33,"column":57},"end":{"line":33,"column":70}},"17":{"start":{"line":35,"column":8},"end":{"line":111,"column":9}},"18":{"start":{"line":38,"column":12},"end":{"line":44,"column":13}},"19":{"start":{"line":39,"column":38},"end":{"line":39,"column":108}},"20":{"start":{"line":39,"column":76},"end":{"line":39,"column":106}},"21":{"start":{"line":40,"column":16},"end":{"line":40,"column":144}},"22":{"start":{"line":42,"column":16},"end":{"line":42,"column":33}},"23":{"start":{"line":43,"column":16},"end":{"line":43,"column":78}},"24":{"start":{"line":47,"column":12},"end":{"line":103,"column":13}},"25":{"start":{"line":50,"column":16},"end":{"line":57,"column":17}},"26":{"start":{"line":51,"column":20},"end":{"line":56,"column":21}},"27":{"start":{"line":52,"column":24},"end":{"line":52,"column":43}},"28":{"start":{"line":53,"column":24},"end":{"line":53,"column":87}},"29":{"start":{"line":55,"column":24},"end":{"line":55,"column":65}},"30":{"start":{"line":60,"column":41},"end":{"line":60,"column":85}},"31":{"start":{"line":60,"column":71},"end":{"line":60,"column":84}},"32":{"start":{"line":61,"column":16},"end":{"line":68,"column":17}},"33":{"start":{"line":62,"column":20},"end":{"line":67,"column":21}},"34":{"start":{"line":63,"column":24},"end":{"line":63,"column":43}},"35":{"start":{"line":64,"column":24},"end":{"line":64,"column":87}},"36":{"start":{"line":66,"column":24},"end":{"line":66,"column":65}},"37":{"start":{"line":71,"column":35},"end":{"line":71,"column":95}},"38":{"start":{"line":71,"column":80},"end":{"line":71,"column":93}},"39":{"start":{"line":73,"column":33},"end":{"line":77,"column":18}},"40":{"start":{"line":74,"column":20},"end":{"line":75,"column":62}},"41":{"start":{"line":75,"column":24},"end":{"line":75,"column":62}},"42":{"start":{"line":76,"column":20},"end":{"line":76,"column":31}},"43":{"start":{"line":79,"column":16},"end":{"line":79,"column":100}},"44":{"start":{"line":79,"column":31},"end":{"line":79,"column":100}},"45":{"start":{"line":82,"column":16},"end":{"line":82,"column":141}},"46":{"start":{"line":82,"column":68},"end":{"line":82,"column":98}},"47":{"start":{"line":83,"column":16},"end":{"line":83,"column":180}},"48":{"start":{"line":86,"column":16},"end":{"line":86,"column":139}},"49":{"start":{"line":86,"column":66},"end":{"line":86,"column":96}},"50":{"start":{"line":87,"column":16},"end":{"line":87,"column":117}},"51":{"start":{"line":90,"column":16},"end":{"line":90,"column":68}},"52":{"start":{"line":90,"column":47},"end":{"line":90,"column":67}},"53":{"start":{"line":93,"column":16},"end":{"line":93,"column":38}},"54":{"start":{"line":96,"column":16},"end":{"line":97,"column":87}},"55":{"start":{"line":97,"column":20},"end":{"line":97,"column":87}},"56":{"start":{"line":99,"column":16},"end":{"line":99,"column":33}},"57":{"start":{"line":101,"column":16},"end":{"line":101,"column":81}},"58":{"start":{"line":105,"column":12},"end":{"line":110,"column":13}},"59":{"start":{"line":106,"column":16},"end":{"line":106,"column":35}},"60":{"start":{"line":107,"column":16},"end":{"line":107,"column":79}},"61":{"start":{"line":109,"column":16},"end":{"line":109,"column":57}}},"fnMap":{"0":{"name":"(anonymous_0)","decl":{"start":{"line":13,"column":17},"end":{"line":13,"column":18}},"loc":{"start":{"line":13,"column":35},"end":{"line":114,"column":1}},"line":13},"1":{"name":"(anonymous_1)","decl":{"start":{"line":21,"column":12},"end":{"line":21,"column":13}},"loc":{"start":{"line":21,"column":24},"end":{"line":113,"column":5}},"line":21},"2":{"name":"(anonymous_2)","decl":{"start":{"line":33,"column":47},"end":{"line":33,"column":48}},"loc":{"start":{"line":33,"column":57},"end":{"line":33,"column":70}},"line":33},"3":{"name":"(anonymous_3)","decl":{"start":{"line":39,"column":66},"end":{"line":39,"column":67}},"loc":{"start":{"line":39,"column":76},"end":{"line":39,"column":106}},"line":39},"4":{"name":"(anonymous_4)","decl":{"start":{"line":60,"column":61},"end":{"line":60,"column":62}},"loc":{"start":{"line":60,"column":71},"end":{"line":60,"column":84}},"line":60},"5":{"name":"(anonymous_5)","decl":{"start":{"line":71,"column":73},"end":{"line":71,"column":74}},"loc":{"start":{"line":71,"column":80},"end":{"line":71,"column":93}},"line":71},"6":{"name":"(anonymous_6)","decl":{"start":{"line":73,"column":52},"end":{"line":73,"column":53}},"loc":{"start":{"line":73,"column":62},"end":{"line":77,"column":17}},"line":73},"7":{"name":"(anonymous_7)","decl":{"start":{"line":82,"column":58},"end":{"line":82,"column":59}},"loc":{"start":{"line":82,"column":68},"end":{"line":82,"column":98}},"line":82},"8":{"name":"(anonymous_8)","decl":{"start":{"line":86,"column":56},"end":{"line":86,"column":57}},"loc":{"start":{"line":86,"column":66},"end":{"line":86,"column":96}},"line":86},"9":{"name":"(anonymous_9)","decl":{"start":{"line":90,"column":37},"end":{"line":90,"column":38}},"loc":{"start":{"line":90,"column":47},"end":{"line":90,"column":67}},"line":90}},"branchMap":{"0":{"loc":{"start":{"line":26,"column":8},"end":{"line":26,"column":54}},"type":"if","locations":[{"start":{"line":26,"column":8},"end":{"line":26,"column":54}},{"start":{"line":26,"column":8},"end":{"line":26,"column":54}}],"line":26},"1":{"loc":{"start":{"line":28,"column":8},"end":{"line":28,"column":71}},"type":"if","locations":[{"start":{"line":28,"column":8},"end":{"line":28,"column":71}},{"start":{"line":28,"column":8},"end":{"line":28,"column":71}}],"line":28},"2":{"loc":{"start":{"line":30,"column":8},"end":{"line":30,"column":70}},"type":"if","locations
[...]
,"column":8},"end":{"line":56,"column":10}},"32":{"start":{"line":53,"column":12},"end":{"line":55,"column":53}},"33":{"start":{"line":54,"column":16},"end":{"line":54,"column":38}},"34":{"start":{"line":58,"column":8},"end":{"line":62,"column":10}},"35":{"start":{"line":59,"column":12},"end":{"line":61,"column":72}},"36":{"start":{"line":60,"column":16},"end":{"line":60,"column":45}},"37":{"start":{"line":64,"column":8},"end":{"line":68,"column":10}},"38":{"start":{"line":65,"column":12},"end":{"line":67,"column":66}},"39":{"start":{"line":66,"column":16},"end":{"line":66,"column":39}},"40":{"start":{"line":71,"column":4},"end":{"line":71,"column":38}},"41":{"start":{"line":71,"column":16},"end":{"line":71,"column":37}}},"fnMap":{"0":{"name":"(anonymous_0)","decl":{"start":{"line":9,"column":18},"end":{"line":9,"column":19}},"loc":{"start":{"line":9,"column":24},"end":{"line":73,"column":1}},"line":9},"1":{"name":"(anonymous_1)","decl":{"start":{"line":11,"column":11},"end":{"line":11,"column":12}},"loc":{"start":{"line":11,"column":17},"end":{"line":11,"column":46}},"line":11},"2":{"name":"(anonymous_2)","decl":{"start":{"line":14,"column":30},"end":{"line":14,"column":31}},"loc":{"start":{"line":14,"column":36},"end":{"line":69,"column":5}},"line":14},"3":{"name":"(anonymous_3)","decl":{"start":{"line":17,"column":19},"end":{"line":17,"column":20}},"loc":{"start":{"line":17,"column":25},"end":{"line":27,"column":9}},"line":17},"4":{"name":"(anonymous_4)","decl":{"start":{"line":22,"column":20},"end":{"line":22,"column":21}},"loc":{"start":{"line":22,"column":32},"end":{"line":26,"column":13}},"line":22},"5":{"name":"(anonymous_5)","decl":{"start":{"line":29,"column":45},"end":{"line":29,"column":46}},"loc":{"start":{"line":29,"column":57},"end":{"line":37,"column":9}},"line":29},"6":{"name":"(anonymous_6)","decl":{"start":{"line":39,"column":47},"end":{"line":39,"column":48}},"loc":{"start":{"line":39,"column":59},"end":{"line":49,"column":9}},"line":39},"7":{"name":"(anonymous_7)","decl":{"start":{"line":52,"column":38},"end":{"line":52,"column":39}},"loc":{"start":{"line":52,"column":44},"end":{"line":56,"column":9}},"line":52},"8":{"name":"(anonymous_8)","decl":{"start":{"line":53,"column":19},"end":{"line":53,"column":20}},"loc":{"start":{"line":54,"column":16},"end":{"line":54,"column":38}},"line":54},"9":{"name":"(anonymous_9)","decl":{"start":{"line":58,"column":44},"end":{"line":58,"column":45}},"loc":{"start":{"line":58,"column":50},"end":{"line":62,"column":9}},"line":58},"10":{"name":"(anonymous_10)","decl":{"start":{"line":59,"column":19},"end":{"line":59,"column":20}},"loc":{"start":{"line":60,"column":16},"end":{"line":60,"column":45}},"line":60},"11":{"name":"(anonymous_11)","decl":{"start":{"line":64,"column":45},"end":{"line":64,"column":46}},"loc":{"start":{"line":64,"column":51},"end":{"line":68,"column":9}},"line":64},"12":{"name":"(anonymous_12)","decl":{"start":{"line":65,"column":19},"end":{"line":65,"column":20}},"loc":{"start":{"line":66,"column":16},"end":{"line":66,"column":39}},"line":66},"13":{"name":"(anonymous_13)","decl":{"start":{"line":71,"column":10},"end":{"line":71,"column":11}},"loc":{"start":{"line":71,"column":16},"end":{"line":71,"column":37}},"line":71}},"branchMap":{},"s":{"0":1,"1":1,"2":1,"3":1,"4":1,"5":1,"6":1,"7":1,"8":1,"9":1,"10":5,"11":5,"12":5,"13":5,"14":5,"15":5,"16":5,"17":1,"18":1,"19":1,"20":1,"21":1,"22":1,"23":1,"24":1,"25":1,"26":1,"27":1,"28":1,"29":0,"30":1,"31":1,"32":1,"33":1,"34":1,"35":1,"36":1,"37":1,"38":1,"39":1,"40":1,"41":1},"f":{"0":1,"1":1,"2":1,"3":5,"4":5,"5":1,"6":1,"7":1,"8":1,"9":1,"10":1,"11":1,"12":1,"13":1},"b":{},"_coverageSchema":"43e27e138ebf9cfc5966b082cf9a028302ed4184","hash":"cf85f1d1dd8b335d95f197279dc604a13876f783","contentHash":"c304bdbb2a36e4ae7325fa525238a6b0820d65e693735d78f09d65f6f3a24ad3"},"/home/lolo/bootcamp/collab/skylab-bootcamp-201907/staff/manuel-galvez/bro-holdem/bro-holdem-api/logic/user/unregister-user/index.spec.js":{"path":"/home/lolo/bootcamp/collab/skylab-bootcamp-201907/staff/manuel-galvez/bro-holdem/bro-holdem-api/logic/user/unregister-user/index.spec.js","statementMap":{"0":{"start":{"line":1,"column":0},"end":{"line":1,"column":26}},"1":{"start":{"line":2,"column":19},"end":{"line":2,"column":34}},"2":{"start":{"line":3,"column":14},"end":{"line":3,"column":39}},"3":{"start":{"line":4,"column":39},"end":{"line":4,"column":65}},"4":{"start":{"line":5,"column":15},"end":{"line":5,"column":34}},"5":{"start":{"line":7,"column":33},"end":{"line":7,"column":40}},"6":{"start":{"line":9,"column":0},"end":{"line":120,"column":2}},"7":{"start":{"line":12,"column":4},"end":{"line":12,"column":47}},"8":{"start":{"line":12,"column":17},"end":{"line":12,"column":46}},"9":{"start":{"line":16,"column":4},"end":{"line":23,"column":6}},"10":{"start":{"line":17,"column":8},"end":{"line":17,"column":45}},"11":{"start":{"line":18,"column":8},"end":{"line":18,"column":51}},"12":{"start":{"line":19,"column":8},"end":{"line":19,"column":46}},"13":{"start":{"line":20,"column":8},"end":{"line":20,"column":31}},"14":{"start":{"line":21,"column":22},"end":{"line":21,"column":103}},"15":{"start":{"line":22,"column":8},"end":{"line":22,"column":21}},"16":{"start":{"line":24,"column":4},"end":{"line":31,"column":6}},"17":{"start":{"line":26,"column":23},"end":{"line":26,"column":70}},"18":{"start":{"line":27,"column":8},"end":{"line":27,"column":35}},"19":{"start":{"line":28,"column":25},"end":{"line":28,"column":48}},"20":{"start":{"line":29,"column":8},"end":{"line":29,"column":37}},"21":{"start":{"line":34,"column":4},"end":{"line":44,"column":6}},"22":{"start":{"line":35,"column":8},"end":{"line":35,"column":31}},"23":{"start":{"line":36,"column":8},"end":{"line":42,"column":9}},"24":{"start":{"line":37,"column":12},"end":{"line":37,"column":59}},"25":{"start":{"line":38,"column":12},"end":{"line":38,"column":54}},"26":{"start":{"line":41,"column":12},"end":{"line":41,"column":58}},"27":{"start":{"line":47,"column":4},"end":{"line":58,"column":6}},"28":{"start":{"line":48,"column":8},"end":{"line":48,"column":35}},"29":{"start":{"line":49,"column":8},"end":{"line":49,"column":39}},"30":{"start":{"line":50,"column":8},"end":{"line":56,"column":9}},"31":{"start":{"line":51,"column":12},"end":{"line":51,"column":59}},"32":{"start":{"line":52,"column":12},"end":{"line":52,"column":54}},"33":{"start":{"line":55,"column":12},"end":{"line":55,"column":57}},"34":{"start":{"line":60,"column":4},"end":{"line":64,"column":6}},"35":{"start":{"line":61,"column":8},"end":{"line":63,"column":49}},"36":{"start":{"line":62,"column":12},"end":{"line":62,"column":53}},"37":{"start":{"line":66,"column":4},"end":{"line":70,"column":6}},"38":{"start":{"line":67,"column":8},"end":{"line":69,"column":68}},"39":{"start":{"line":68,"column":12},"end":{"line":68,"column":60}},"40":{"start":{"line":72,"column":4},"end":{"line":76,"column":6}},"41":{"start":{"line":73,"column":8},"end":{"line":75,"column":62}},"42":{"start":{"line":74,"column":12},"end":{"line":74,"column":54}},"43":{"start":{"line":81,"column":4},"end":{"line":85,"column":6}},"44":{"start":{"line":82,"column":8},"end":{"line":84,"column":52}},"45":{"start":{"line":83,"column":12},"end":{"line":83,"column":50}},"46":{"start":{"line":87,"column":4},"end":{"line":91,"column":6}},"47":{"start":{"line":88,"column":8},"end":{"line":90,"column":71}},"48":{"start":{"line":89,"column":12},"end":{"line":89,"column":57}},"49":{"start":{"line":93,"column":4},"end":{"line":97,"column":6}},"50":{"start":{"line":94,"column":8},"end":{"line":96,"column":65}},"51":{"start":{"line":95,"column":12},"end":{"line":95,"column":51}},"52":{"start":{"line":101,"column":4},"end":{"line":105,"column":6}},"53":{"start":{"line":102,"column":8},"end":{"line":104,"column":55}},"54":{"start":{"line":103,"column":12},"end":{"line":103,"column":47}},"55":{"start":{"line":107,"column":4},"end":{"line":111,"column":6}},"56":{"start":{"line":108,"column":8},"end":{"line":110,"column":71}},"57":{"start":{"line":109,"column":12},"end":{"line":109,"column":51}},"58":{"start":{"line":113,"column":4},"end":{"line":117,"column":6}},"59":{"start":{"line":114,"column":8},"end":{"line":116,"column":65}},"60":{"start":{"line":115,"column":12},"end":{"line":115,"column":51}},"61":{"start":{"line":119,"column":4},"end":{"line":119,"column":38}},"62":{"start":{"line":119,"column":16},"end":{"line":119,"column":37}}},"fnMap":{"0":{"name":"(anonymous_0)","decl":{"start":{"line":9,"column":36},"end":{"line":9,"column":37}},"loc":{"start":{"line":9,"column":42},"end":{"line":120,"column":1}},"line":9},"1":{"name":"(anonymous_1)","decl":{"start":{"line":12,"column":11},"end":{"line":12,"column":12}},"loc":{"start":{"line":12,"column":17},"end":{"line":12,"column":46}},"line":12},"2":{"name":"(anonymous_2)","decl":{"start":{"line":16,"column":15},"end":{"line":16,"column":16}},"loc":{"start":{"line":16,"column":27},"end":{"line":23,"column":5}},"line":16},"3":{"name":"(anonymous_3)","decl":{"start":{"line":24,"column":41},"end":{"line":24,"column":42}},"loc":{"start":{"line":24,"column":53},"end":{"line":31,"column":5}},"line":24},"4":{"name":"(anonymous_4)","decl":{"start":{"line":34,"column":41},"end":{"line":34,"column":42}},"loc":{"start":{"line":34,"column":53},"end":{"line":44,"column":5}},"line":34},"5":{"name":"(anonymous_5)","decl":{"start":{"line":47,"column":59},"end":{"line":47,"column":60}},"loc":{"start":{"line":47,"column":71},"end":{"line":58,"column":5}},"line":47},"6":{"name":"(anonymous_6)","decl":{"start":{"line":60,"column":34},"end":{"line":60,"column":35}},"loc":{"start":{"line":60,"column":40},"end":{"line":64,"column":5}},"line":60},"7":{"name":"(anonymous_7)","decl":{"start":{"line":61,"column":15},"end":{"line":61,"column":16}},"loc":{"start":{"line":62,"column":12},"end":{"line":62,"column":53}},"line":62},"8":{"name":"(anonymous_8)","decl":{"start":{"line":66,"column":38},"end":{"line":66,"column":39}},"loc":{"start":{"line":66,"column":44},"end":{"line":70,"column":5}},"line":66},"9":{"name":"(anonymous_9)","decl":{"start":{"line":67,"column":15},"end":{"line":67,"column":16}},"loc":{"start":{"line":68,"column":12},"end":{"line":68,"column":60}},"line":68},"10":{"name":"(anonymous_10)","decl":{"start":{"line":72,"column":38},"end":{"line":72,"column":39}},"loc":{"start":{"line":72,"column":44},"end":{"line":76,"column":5}},"line":72},"11":{"name":"(anonymous_11)","decl":{"start":{"line":73,"column":15},"end":{"line":73,"column":16}},"loc":{"start":{"line":74,"column":12},"end":{"line":74,"column":54}},"line":74},"12":{"name":"(anonymous_12)","decl":{"start":{"line":81,"column":37},"end":{"line":81,"column":38}},"loc":{"start":{"line":81,"column":43},"end":{"line":85,"column":5}},"line":81},"13":{"name":"(anonymous_13)","decl":{"start":{"line":82,"column":15},"end":{"line":82,"column":16}},"loc":{"start":{"line":83,"column":12},"end":{"line":83,"column":50}},"line":83},"14":{"name":"(anonymous_14)","decl":{"start":{"line":87,"column":41},"end":{"line":87,"column":42}},"loc":{"start":{"line":87,"column":47},"end":{"line":91,"column":5}},"line":87},"15":{"name":"(anonymous_15)","decl":{"start":{"line":88,"column":15},"end":{"line":88,"column":16}},"loc":{"start":{"line":89,"column":12},"end":{"line":89,"column":57}},"line":89},"16":{"name":"(anonymous_16)","decl":{"start":{"line":93,"column":41},"end":{"line":93,"column":42}},"loc":{"start":{"line":93,"column":47},"end":{"line":97,"column":5}},"line":93},"17":{"name":"(anonymous_17)","decl":{"start":{"line":94,"column":15},"end":{"line":94,"column":16}},"loc":{"start":{"line":95,"column":12},"end":{"line":95,"column":51}},"line":95},"18":{"name":"(anonymous_18)","decl":{"start":{"line":101,"column":40},"end":{"line":101,"column":41}},"loc":{"start":{"line":101,"column":46},"end":{"line":105,"column":5}},"line":101},"19":{"name":"(anonymous_19)","decl":{"start":{"line":102,"column":15},"end":{"line":102,"column":16}},"loc":{"start":{"line":103,"column":12},"end":{"line":103,"column":47}},"line":103},"20":{"name":"(anonymous_20)","decl":{"start":{"line":107,"column":44},"end":{"line":107,"column":45}},"loc":{"start":{"line":107,"column":50},"end":{"line":111,"column":5}},"line":107},"21":{"name":"(anonymous_21)","decl":{"start":{"line":108,"column":15},"end":{"line":108,"column":16}},"loc":{"start":{"line":109,"column":12},"end":{"line":109,"column":51}},"line":109},"22":{"name":"(anonymous_22)","decl":{"start":{"line":113,"column":44},"end":{"line":113,"column":45}},"loc":{"start":{"line":113,"column":50},"end":{"line":117,"column":5}},"line":113},"23":{"name":"(anonymous_23)","decl":{"start":{"line":114,"column":15},"end":{"line":114,"column":16}},"loc":{"start":{"line":115,"column":12},"end":{"line":115,"column":51}},"line":115},"24":{"name":"(anonymous_24)","decl":{"start":{"line":119,"column":10},"end":{"line":119,"column":11}},"loc":{"start":{"line":119,"column":16},"end":{"line":119,"column":37}},"line":119}},"branchMap":{},"s":{"0":1,"1":1,"2":1,"3":1,"4":1,"5":1,"6":1,"7":1,"8":1,"9":1,"10":12,"11":12,"12":12,"13":12,"14":12,"15":12,"16":1,"17":1,"18":1,"19":1,"20":1,"21":1,"22":1,"23":1,"24":1,"25":0,"26":1,"27":1,"28":1,"29":1,"30":1,"31":1,"32":0,"33":1,"34":1,"35":1,"36":1,"37":1,"38":1,"39":1,"40":1,"41":1,"42":1,"43":1,"44":1,"45":1,"46":1,"47":1,"48":1,"49":1,"50":1,"51":1,"52":1,"53":1,"54":1,"55":1,"56":1,"57":1,"58":1,"59":1,"60":1,"61":1,"62":1},"f":{"0":1,"1":1,"2":12,"3":1,"4":1,"5":1,"6":1,"7":1,"8":1,"9":1,"10":1,"11":1,"12":1,"13":1,"14":1,"15":1,"16":1,"17":1,"18":1,"19":1,"20":1,"21":1,"22":1,"23":1,"24":1},"b":{},"_coverageSchema":"43e27e138ebf9cfc5966b082cf9a028302ed4184","hash":"6e6ec28e8e39a728f5b97eeb94b4e3ebc4fcc0a6","contentHash":"746ac3c6d18dcba49efa3b560aa8a54f18ca2ea54620fb422f6b233c6544e6a2"},"/home/lolo/bootcamp/collab/skylab-bootcamp-201907/staff/manuel-galvez/bro-holdem/bro-holdem-api/logic/user/update-user/index.spec.js":{"path":"/home/lolo/bootcamp/collab/skylab-bootcamp-201907/staff/manuel-galvez/bro-holdem/bro-holdem-api/logic/user/update-user/index.spec.js","statementMap":{"0":{"start":{"line":1,"column":0},"end":{"line":1,"column":26}},"1":{"start":{"line":3,"column":19},"end":{"line":3,"column":34}},"2":{"start":{"line":4,"column":14},"end":{"line":4,"column":39}},"3":{"start":{"line":5,"column":39},"end":{"line":5,"column":65}},"4":{"start":{"line":6,"column":15},"end":{"line":6,"column":34}},"5":{"start":{"line":8,"column":33},"end":{"line":8,"column":40}},"6":{"start":{"line":11,"column":0},"end":{"line":81,"column":2}},"7":{"start":{"line":13,"column":4},"end":{"line":13,"column":47}},"8":{"start":{"line":13,"column":17},"end":{"line":13,"column":46}},"9":{"start":{"line":15,"column":4},"end":{"line":17,"column":6}},"10":{"start":{"line":16,"column":8},"end":{"line":16,"column":31}},"11":{"start":{"line":22,"column":4},"end":{"line":33,"column":6}},"12":{"start":{"line":24,"column":8},"end":{"line":24,"column":45}},"13":{"start":{"line":25,"column":8},"end":{"line":25,"column":51}},"14":{"start":{"line":26,"column":8},"end":{"line":26,"column":46}},"15":{"start":{"line":28,"column":21},"end":{"line":28,"column":52}},"16":{"start":{"line":29,"column":8},"end":{"line":29,"column":62}},"17":{"start":{"line":30,"column":21},"end":{"line":30,"column":50}},"18":{"start":{"line":32,"column":8},"end":{"line":32,"column":20}},"19":{"start":{"line":35,"column":4},"end":{"line":47,"column":6}},"20":{"start":{"line":37,"column":21},"end":{"line":37,"column":107}},"21":{"start":{"line":38,"column":8},"end":{"line":38,"column":33}},"22":{"start":{"line":40,"column":27},"end":{"line":40,"column":58}},"23":{"start":{"line":42,"column":8},"end":{"line":42,"column":35}},"24":{"start":{"line":43,"column":8},"end":{"line":43,"column":42}},"25":{"start":{"line":44,"column":8},"end":{"line":44,"column":56}},"26":{"start":{"line":45,"column":8},"end":{"line":45,"column":58}},"27":{"start":{"line":50,"column":4},"end":{"line":59,"column":6}},"28":{"start":{"line":51,"column":8},"end":{"line":51,"column":39}},"29":{"start":{"line":52,"column":8},"end":{"line":57,"column":9}},"30":{"start":{"line":53,"column":12},"end":{"line":53,"column":98}},"31":{"start":{"line":56,"column":12},"end":{"line":56,"column":74}},"32":{"start":{"line":62,"column":4},"end":{"line":66,"column":5}},"33":{"start":{"line":63,"column":8},"end":{"line":65,"column":42}},"34":{"start":{"line":64,"column":12},"end":{"line":64,"column":107}},"35":{"start":{"line":67,"column":4},"end":{"line":71,"column":5}},"36":{"start":{"line":68,"column":8},"end":{"line":70,"column":61}},"37":{"start":{"line":69,"column":12},"end":{"line":69,"column":114}},"38":{"start":{"line":72,"column":4},"end":{"line":77,"column":5}},"39":{"start":{"line":73,"column":8},"end":{"line":75,"column":57}},"40":{"start":{"line":74,"column":12},"end":{"line":74,"column":110}},"41":{"start":{"line":80,"column":4},"end":{"line":80,"column":38}},"42":{"start":{"line":80,"column":16},"end":{"line":80,"column":37}}},"fnMap":{"0":{"name":"(anonymous_0)","decl":{"start":{"line":11,"column":31},"end":{"line":11,"column":32}},"loc":{"start":{"line":11,"column":37},"end":{"line":81,"column":1}},"line":11},"1":{"name":"(anonymous_1)","decl":{"start":{"line":13,"column":11},"end":{"line":13,"column":12}},"loc":{"start":{"line":13,"column":17},"end":{"line":13,"column":46}},"line":13},"2":{"name":"(anonymous_2)","decl":{"start":{"line":15,"column":15},"end":{"line":15,"column":16}},"loc":{"start":{"line":15,"column":27},"end":{"line":17,"column":5}},"line":15},"3":{"name":"(anonymous_3)","decl":{"start":{"line":22,"column":15},"end":{"line":22,"column":16}},"loc":{"start":{"line":22,"column":27},"end":{"line":33,"column":5}},"line":22},"4":{"name":"(anonymous_4)","decl":{"start":{"line":35,"column":41},"end":{"line":35,"column":42}},"loc":{"start":{"line":35,"column":53},"end":{"line":47,"column":5}},"line":35},"5":{"name":"(anonymous_5)","decl":{"start":{"line":50,"column":41},"end":{"line":50,"column":42}},"loc":{"start":{"line":50,"column":53},"end":{"line":59,"column":5}},"line":50},"6":{"name":"(anonymous_6)","decl":{"start":{"line":62,"column":34},"end":{"line":62,"column":35}},"loc":{"start":{"line":63,"column":8},"end":{"line":65,"column":42}},"line":63},"7":{"name":"(anonymous_7)","decl":{"start":{"line":63,"column":15},"end":{"line":63,"column":16}},"loc":{"start":{"line":64,"column":12},"end":{"line":64,"column":107}},"line":64},"8":{"name":"(anonymous_8)","decl":{"start":{"line":67,"column":38},"end":{"line":67,"column":39}},"loc":{"start":{"line":68,"column":8},"end":{"line":70,"column":61}},"line":68},"9":{"name":"(anonymous_9)","decl":{"start":{"line":68,"column":15},"end":{"line":68,"column":16}},"loc":{"start":{"line":69,"column":12},"end":{"line":69,"column":114}},"line":69},"10":{"name":"(anonymous_10)","decl":{"start":{"line":72,"column":39},"end":{"line":72,"column":40}},"loc":{"start":{"line":73,"column":8},"end":{"line":75,"column":57}},"line":73},"11":{"name":"(anonymous_11)","decl":{"start":{"line":73,"column":15},"end":{"line":73,"column":16}},"loc":{"start":{"line":74,"column":12},"end":{"line":74,"column":110}},"line":74},"12":{"name":"(anonymous_12)","decl":{"start":{"line":80,"column":10},"end":{"line":80,"column":11}},"loc":{"start":{"line":80,"column":16},"end":{"line":80,"column":37}},"line":80}},"branchMap":{},"s":{"0":1,"1":1,"2":1,"3":1,"4":1,"5":1,"6":1,"7":1,"8":1,"9":1,"10":5,"11":1,"12":5,"13":5,"14":5,"15":5,"16":5,"17":5,"18":5,"19":1,"20":1,"21":1,"22":1,"23":1,"24":1,"25":1,"26":1,"27":1,"28":1,"29":1,"30":1,"31":0,"32":1,"33":1,"34":1,"35":1,"36":1,"37":1,"38":1,"39":1,"40":1,"41":1,"42":1},"f":{"0":1,"1":1,"2":5,"3":5,"4":1,"5":1,"6":1,"7":1,"8":1,"9":1,"10":1,"11":1,"12":1},"b":{},"_coverageSchema":"43e27e138ebf9cfc5966b082cf9a028302ed4184","hash":"a75a4eb23e19d78ca37080feb10108aa1deceddf","contentHash":"e07cf7e9dab0f79ff0c0c79c8a23c2ade54b2aecb74808b996bbc9c81fe8893a"}}